The system is: Linux - 3.10.0-1160.53.1.el7.x86_64 - x86_64
Compiling the C compiler identification source file "CMakeCCompilerId.c" succeeded.
Compiler: /cm/shared/sw/nix/store/i3n3fdm2hkrn8njaklii8ni1g9lp7imz-llvm-13.0.0/bin/clang 
Build flags: -march=broadwell
Id flags:  

The output was:
0


Compilation of the C compiler identification source "CMakeCCompilerId.c" produced "a.out"

The C compiler identification is Clang, found in "/mnt/home/nkavokine/ctseg_J/build/CMakeFiles/3.22.1/CompilerIdC/a.out"

Compiling the CXX compiler identification source file "CMakeCXXCompilerId.cpp" succeeded.
Compiler: /cm/shared/sw/nix/store/i3n3fdm2hkrn8njaklii8ni1g9lp7imz-llvm-13.0.0/bin/clang++ 
Build flags: -stdlib=libc++;-Wno-register;-march=broadwell
Id flags:  

The output was:
0


Compilation of the CXX compiler identification source "CMakeCXXCompilerId.cpp" produced "a.out"

The CXX compiler identification is Clang, found in "/mnt/home/nkavokine/ctseg_J/build/CMakeFiles/3.22.1/CompilerIdCXX/a.out"

Detecting C compiler ABI info compiled with the following output:
Change Dir: /mnt/home/nkavokine/ctseg_J/build/CMakeFiles/CMakeTmp

Run Build Command(s):/usr/bin/gmake -f Makefile cmTC_c9088/fast && /usr/bin/gmake  -f CMakeFiles/cmTC_c9088.dir/build.make CMakeFiles/cmTC_c9088.dir/build
gmake[1]: Entering directory `/mnt/home/nkavokine/ctseg_J/build/CMakeFiles/CMakeTmp'
Building C object CMakeFiles/cmTC_c9088.dir/CMakeCCompilerABI.c.o
/cm/shared/sw/nix/store/i3n3fdm2hkrn8njaklii8ni1g9lp7imz-llvm-13.0.0/bin/clang   -march=broadwell    -v -MD -MT CMakeFiles/cmTC_c9088.dir/CMakeCCompilerABI.c.o -MF CMakeFiles/cmTC_c9088.dir/CMakeCCompilerABI.c.o.d -o CMakeFiles/cmTC_c9088.dir/CMakeCCompilerABI.c.o -c /cm/shared/sw/nix/store/aq0iiip5q7lf45g8ip4ijcsvd1zffwhn-cmake-3.22.1/share/cmake-3.22/Modules/CMakeCCompilerABI.c
clang version 13.0.0
Target: x86_64-unknown-linux-gnu
Thread model: posix
InstalledDir: /cm/shared/sw/nix/store/i3n3fdm2hkrn8njaklii8ni1g9lp7imz-llvm-13.0.0/bin
Found candidate GCC installation: /cm/shared/sw/nix/store/hmphldjnv7440cwpv29ph5d5bp3lbxz5-gcc-11.2.0/lib/gcc/x86_64-pc-linux-gnu/11.2.0
Selected GCC installation: /cm/shared/sw/nix/store/hmphldjnv7440cwpv29ph5d5bp3lbxz5-gcc-11.2.0/lib/gcc/x86_64-pc-linux-gnu/11.2.0
Candidate multilib: .;@m64
Selected multilib: .;@m64
 (in-process)
 "/cm/shared/sw/nix/store/i3n3fdm2hkrn8njaklii8ni1g9lp7imz-llvm-13.0.0/bin/clang-13" -cc1 -triple x86_64-unknown-linux-gnu -emit-obj -mrelax-all --mrelax-relocations -disable-free -disable-llvm-verifier -discard-value-names -main-file-name CMakeCCompilerABI.c -mrelocation-model static -mframe-pointer=all -fmath-errno -fno-rounding-math -mconstructor-aliases -munwind-tables -target-cpu broadwell -debugger-tuning=gdb -v -fcoverage-compilation-dir=/mnt/home/nkavokine/ctseg_J/build/CMakeFiles/CMakeTmp -resource-dir /cm/shared/sw/nix/store/i3n3fdm2hkrn8njaklii8ni1g9lp7imz-llvm-13.0.0/lib/clang/13.0.0 -dependency-file CMakeFiles/cmTC_c9088.dir/CMakeCCompilerABI.c.o.d -MT CMakeFiles/cmTC_c9088.dir/CMakeCCompilerABI.c.o -sys-header-deps -I/cm/shared/sw/nix/store/hryq9drhdswvw0khbqaqk9p5k20vpzs3-intel-oneapi-mkl-2022.0.1/mkl/2022.0.1/include -I/cm/shared/sw/nix/store/clmmc53sav2i4hvg53q5866nd9nygc4b-python-3.9.9-view/include/python3.9 -c-isystem /cm/shared/sw/nix/store/i3n3fdm2hkrn8njaklii8ni1g9lp7imz-llvm-13.0.0/include -c-isystem /cm/shared/sw/nix/store/clmmc53sav2i4hvg53q5866nd9nygc4b-python-3.9.9-view/include -c-isystem /cm/shared/sw/nix/store/v92lzmn32qlq3l7hrah0rzkazpcr7m8k-boost-1.78.0/include -c-isystem /cm/shared/sw/nix/store/2nq01a1xf3r3lgjbgp8wp9xpx2y8hcj5-hdf5-1.10.8/include -c-isystem /cm/shared/sw/nix/store/wf2b4c91f1s7n4cysvk0bshfnywvasmv-nfft-3.5.2/include -c-isystem /cm/shared/sw/nix/store/avq18lr6jgg6fpikan0cdzaf61xzigkk-fftw-3.3.10/include -c-isystem /cm/shared/sw/nix/store/j4skrrvqyvk9bc2p7zqjd0qsfg4sg8nd-gmp-6.2.1/include -c-isystem /cm/shared/sw/nix/store/dvc90n2l1p8lz5an0d4lnk2ahca50hfm-openmpi-4.0.7/include -c-isystem /cm/shared/sw/nix/store/ddhcca3mhxdlqwm95fklqgv3ximkkwgz-flexiblas-3.0.4/include -c-isystem /cm/shared/sw/nix/store/aqkirva9k1vggmfcv7hy9rsy0kavh56m-gcc-10.3.0/include -c-isystem /cm/shared/apps/slurm/current/include -cxx-isystem /cm/shared/sw/nix/store/i3n3fdm2hkrn8njaklii8ni1g9lp7imz-llvm-13.0.0/include -cxx-isystem /cm/shared/sw/nix/store/clmmc53sav2i4hvg53q5866nd9nygc4b-python-3.9.9-view/include -cxx-isystem /cm/shared/sw/nix/store/v92lzmn32qlq3l7hrah0rzkazpcr7m8k-boost-1.78.0/include -cxx-isystem /cm/shared/sw/nix/store/2nq01a1xf3r3lgjbgp8wp9xpx2y8hcj5-hdf5-1.10.8/include -cxx-isystem /cm/shared/sw/nix/store/wf2b4c91f1s7n4cysvk0bshfnywvasmv-nfft-3.5.2/include -cxx-isystem /cm/shared/sw/nix/store/avq18lr6jgg6fpikan0cdzaf61xzigkk-fftw-3.3.10/include -cxx-isystem /cm/shared/sw/nix/store/j4skrrvqyvk9bc2p7zqjd0qsfg4sg8nd-gmp-6.2.1/include -cxx-isystem /cm/shared/sw/nix/store/dvc90n2l1p8lz5an0d4lnk2ahca50hfm-openmpi-4.0.7/include -cxx-isystem /cm/shared/sw/nix/store/ddhcca3mhxdlqwm95fklqgv3ximkkwgz-flexiblas-3.0.4/include -cxx-isystem /cm/shared/sw/nix/store/aqkirva9k1vggmfcv7hy9rsy0kavh56m-gcc-10.3.0/include -cxx-isystem /cm/shared/apps/slurm/current/include -internal-isystem /cm/shared/sw/nix/store/i3n3fdm2hkrn8njaklii8ni1g9lp7imz-llvm-13.0.0/lib/clang/13.0.0/include -internal-isystem /usr/local/include -internal-isystem /cm/shared/sw/nix/store/hmphldjnv7440cwpv29ph5d5bp3lbxz5-gcc-11.2.0/lib/gcc/x86_64-pc-linux-gnu/11.2.0/../../../../x86_64-pc-linux-gnu/include -internal-externc-isystem /include -internal-externc-isystem /usr/include -fdebug-compilation-dir=/mnt/home/nkavokine/ctseg_J/build/CMakeFiles/CMakeTmp -ferror-limit 19 -fgnuc-version=4.2.1 -faddrsig -D__GCC_HAVE_DWARF2_CFI_ASM=1 -o CMakeFiles/cmTC_c9088.dir/CMakeCCompilerABI.c.o -x c /cm/shared/sw/nix/store/aq0iiip5q7lf45g8ip4ijcsvd1zffwhn-cmake-3.22.1/share/cmake-3.22/Modules/CMakeCCompilerABI.c
clang -cc1 version 13.0.0 based upon LLVM 13.0.0 default target x86_64-unknown-linux-gnu
ignoring nonexistent directory "/cm/shared/sw/nix/store/hmphldjnv7440cwpv29ph5d5bp3lbxz5-gcc-11.2.0/lib/gcc/x86_64-pc-linux-gnu/11.2.0/../../../../x86_64-pc-linux-gnu/include"
ignoring nonexistent directory "/include"
#include "..." search starts here:
#include <...> search starts here:
 /cm/shared/sw/nix/store/hryq9drhdswvw0khbqaqk9p5k20vpzs3-intel-oneapi-mkl-2022.0.1/mkl/2022.0.1/include
 /cm/shared/sw/nix/store/clmmc53sav2i4hvg53q5866nd9nygc4b-python-3.9.9-view/include/python3.9
 /cm/shared/sw/nix/store/i3n3fdm2hkrn8njaklii8ni1g9lp7imz-llvm-13.0.0/include
 /cm/shared/sw/nix/store/clmmc53sav2i4hvg53q5866nd9nygc4b-python-3.9.9-view/include
 /cm/shared/sw/nix/store/v92lzmn32qlq3l7hrah0rzkazpcr7m8k-boost-1.78.0/include
 /cm/shared/sw/nix/store/2nq01a1xf3r3lgjbgp8wp9xpx2y8hcj5-hdf5-1.10.8/include
 /cm/shared/sw/nix/store/wf2b4c91f1s7n4cysvk0bshfnywvasmv-nfft-3.5.2/include
 /cm/shared/sw/nix/store/avq18lr6jgg6fpikan0cdzaf61xzigkk-fftw-3.3.10/include
 /cm/shared/sw/nix/store/j4skrrvqyvk9bc2p7zqjd0qsfg4sg8nd-gmp-6.2.1/include
 /cm/shared/sw/nix/store/dvc90n2l1p8lz5an0d4lnk2ahca50hfm-openmpi-4.0.7/include
 /cm/shared/sw/nix/store/ddhcca3mhxdlqwm95fklqgv3ximkkwgz-flexiblas-3.0.4/include
 /cm/shared/sw/nix/store/aqkirva9k1vggmfcv7hy9rsy0kavh56m-gcc-10.3.0/include
 /cm/shared/apps/slurm/current/include
 /cm/shared/sw/nix/store/i3n3fdm2hkrn8njaklii8ni1g9lp7imz-llvm-13.0.0/lib/clang/13.0.0/include
 /usr/local/include
 /usr/include
End of search list.
Linking C executable cmTC_c9088
/cm/shared/sw/nix/store/aq0iiip5q7lf45g8ip4ijcsvd1zffwhn-cmake-3.22.1/bin/cmake -E cmake_link_script CMakeFiles/cmTC_c9088.dir/link.txt --verbose=1
/cm/shared/sw/nix/store/i3n3fdm2hkrn8njaklii8ni1g9lp7imz-llvm-13.0.0/bin/clang -march=broadwell   -v CMakeFiles/cmTC_c9088.dir/CMakeCCompilerABI.c.o -o cmTC_c9088 
clang version 13.0.0
Target: x86_64-unknown-linux-gnu
Thread model: posix
InstalledDir: /cm/shared/sw/nix/store/i3n3fdm2hkrn8njaklii8ni1g9lp7imz-llvm-13.0.0/bin
Found candidate GCC installation: /cm/shared/sw/nix/store/hmphldjnv7440cwpv29ph5d5bp3lbxz5-gcc-11.2.0/lib/gcc/x86_64-pc-linux-gnu/11.2.0
Selected GCC installation: /cm/shared/sw/nix/store/hmphldjnv7440cwpv29ph5d5bp3lbxz5-gcc-11.2.0/lib/gcc/x86_64-pc-linux-gnu/11.2.0
Candidate multilib: .;@m64
Selected multilib: .;@m64
 "/usr/bin/ld" --hash-style=gnu --eh-frame-hdr -m elf_x86_64 -dynamic-linker /lib64/ld-linux-x86-64.so.2 -o cmTC_c9088 /lib/../lib64/crt1.o /lib/../lib64/crti.o /cm/shared/sw/nix/store/hmphldjnv7440cwpv29ph5d5bp3lbxz5-gcc-11.2.0/lib/gcc/x86_64-pc-linux-gnu/11.2.0/crtbegin.o -L/cm/shared/sw/nix/store/hmphldjnv7440cwpv29ph5d5bp3lbxz5-gcc-11.2.0/lib/gcc/x86_64-pc-linux-gnu/11.2.0 -L/cm/shared/sw/nix/store/hmphldjnv7440cwpv29ph5d5bp3lbxz5-gcc-11.2.0/lib/gcc/x86_64-pc-linux-gnu/11.2.0/../../../../lib64 -L/lib/../lib64 -L/usr/lib/../lib64 -L/cm/shared/sw/nix/store/i3n3fdm2hkrn8njaklii8ni1g9lp7imz-llvm-13.0.0/bin/../lib -L/lib -L/usr/lib -L/cm/shared/sw/nix/store/i3n3fdm2hkrn8njaklii8ni1g9lp7imz-llvm-13.0.0/lib -L/cm/shared/sw/nix/store/hryq9drhdswvw0khbqaqk9p5k20vpzs3-intel-oneapi-mkl-2022.0.1/mkl/2022.0.1/lib/intel64 -L/cm/shared/sw/nix/store/hryq9drhdswvw0khbqaqk9p5k20vpzs3-intel-oneapi-mkl-2022.0.1/lib -L/cm/shared/sw/nix/store/bcx7ls8qbd098qhkg9axnpdpsavb287l-py-mpi4py-3.1.2-view/lib -L/cm/shared/sw/nix/store/clmmc53sav2i4hvg53q5866nd9nygc4b-python-3.9.9-view/lib -L/cm/shared/sw/nix/store/v92lzmn32qlq3l7hrah0rzkazpcr7m8k-boost-1.78.0/lib64 -L/cm/shared/sw/nix/store/v92lzmn32qlq3l7hrah0rzkazpcr7m8k-boost-1.78.0/lib -L/cm/shared/sw/nix/store/2nq01a1xf3r3lgjbgp8wp9xpx2y8hcj5-hdf5-1.10.8/lib64 -L/cm/shared/sw/nix/store/2nq01a1xf3r3lgjbgp8wp9xpx2y8hcj5-hdf5-1.10.8/lib -L/cm/shared/sw/nix/store/wf2b4c91f1s7n4cysvk0bshfnywvasmv-nfft-3.5.2/lib -L/cm/shared/sw/nix/store/avq18lr6jgg6fpikan0cdzaf61xzigkk-fftw-3.3.10/lib64 -L/cm/shared/sw/nix/store/avq18lr6jgg6fpikan0cdzaf61xzigkk-fftw-3.3.10/lib -L/cm/shared/sw/nix/store/j4skrrvqyvk9bc2p7zqjd0qsfg4sg8nd-gmp-6.2.1/lib -L/cm/shared/sw/nix/store/dvc90n2l1p8lz5an0d4lnk2ahca50hfm-openmpi-4.0.7/lib -L/cm/shared/sw/nix/store/ddhcca3mhxdlqwm95fklqgv3ximkkwgz-flexiblas-3.0.4/lib64 -L/cm/shared/sw/nix/store/aqkirva9k1vggmfcv7hy9rsy0kavh56m-gcc-10.3.0/lib64 -L/cm/shared/sw/nix/store/aqkirva9k1vggmfcv7hy9rsy0kavh56m-gcc-10.3.0/lib -L/cm/shared/apps/slurm/current/lib64 CMakeFiles/cmTC_c9088.dir/CMakeCCompilerABI.c.o -lgcc --as-needed -lgcc_s --no-as-needed -lc -lgcc --as-needed -lgcc_s --no-as-needed /cm/shared/sw/nix/store/hmphldjnv7440cwpv29ph5d5bp3lbxz5-gcc-11.2.0/lib/gcc/x86_64-pc-linux-gnu/11.2.0/crtend.o /lib/../lib64/crtn.o
gmake[1]: Leaving directory `/mnt/home/nkavokine/ctseg_J/build/CMakeFiles/CMakeTmp'



Parsed C implicit include dir info from above output: rv=done
  found start of include info
  found start of implicit include info
    add: [/cm/shared/sw/nix/store/hryq9drhdswvw0khbqaqk9p5k20vpzs3-intel-oneapi-mkl-2022.0.1/mkl/2022.0.1/include]
    add: [/cm/shared/sw/nix/store/clmmc53sav2i4hvg53q5866nd9nygc4b-python-3.9.9-view/include/python3.9]
    add: [/cm/shared/sw/nix/store/i3n3fdm2hkrn8njaklii8ni1g9lp7imz-llvm-13.0.0/include]
    add: [/cm/shared/sw/nix/store/clmmc53sav2i4hvg53q5866nd9nygc4b-python-3.9.9-view/include]
    add: [/cm/shared/sw/nix/store/v92lzmn32qlq3l7hrah0rzkazpcr7m8k-boost-1.78.0/include]
    add: [/cm/shared/sw/nix/store/2nq01a1xf3r3lgjbgp8wp9xpx2y8hcj5-hdf5-1.10.8/include]
    add: [/cm/shared/sw/nix/store/wf2b4c91f1s7n4cysvk0bshfnywvasmv-nfft-3.5.2/include]
    add: [/cm/shared/sw/nix/store/avq18lr6jgg6fpikan0cdzaf61xzigkk-fftw-3.3.10/include]
    add: [/cm/shared/sw/nix/store/j4skrrvqyvk9bc2p7zqjd0qsfg4sg8nd-gmp-6.2.1/include]
    add: [/cm/shared/sw/nix/store/dvc90n2l1p8lz5an0d4lnk2ahca50hfm-openmpi-4.0.7/include]
    add: [/cm/shared/sw/nix/store/ddhcca3mhxdlqwm95fklqgv3ximkkwgz-flexiblas-3.0.4/include]
    add: [/cm/shared/sw/nix/store/aqkirva9k1vggmfcv7hy9rsy0kavh56m-gcc-10.3.0/include]
    add: [/cm/shared/apps/slurm/current/include]
    add: [/cm/shared/sw/nix/store/i3n3fdm2hkrn8njaklii8ni1g9lp7imz-llvm-13.0.0/lib/clang/13.0.0/include]
    add: [/usr/local/include]
    add: [/usr/include]
  end of search list found
  collapse include dir [/cm/shared/sw/nix/store/hryq9drhdswvw0khbqaqk9p5k20vpzs3-intel-oneapi-mkl-2022.0.1/mkl/2022.0.1/include] ==> [/cm/shared/sw/nix/store/hryq9drhdswvw0khbqaqk9p5k20vpzs3-intel-oneapi-mkl-2022.0.1/mkl/2022.0.1/include]
  collapse include dir [/cm/shared/sw/nix/store/clmmc53sav2i4hvg53q5866nd9nygc4b-python-3.9.9-view/include/python3.9] ==> [/cm/shared/sw/nix/store/clmmc53sav2i4hvg53q5866nd9nygc4b-python-3.9.9-view/include/python3.9]
  collapse include dir [/cm/shared/sw/nix/store/i3n3fdm2hkrn8njaklii8ni1g9lp7imz-llvm-13.0.0/include] ==> [/cm/shared/sw/nix/store/i3n3fdm2hkrn8njaklii8ni1g9lp7imz-llvm-13.0.0/include]
  collapse include dir [/cm/shared/sw/nix/store/clmmc53sav2i4hvg53q5866nd9nygc4b-python-3.9.9-view/include] ==> [/cm/shared/sw/nix/store/clmmc53sav2i4hvg53q5866nd9nygc4b-python-3.9.9-view/include]
  collapse include dir [/cm/shared/sw/nix/store/v92lzmn32qlq3l7hrah0rzkazpcr7m8k-boost-1.78.0/include] ==> [/cm/shared/sw/nix/store/v92lzmn32qlq3l7hrah0rzkazpcr7m8k-boost-1.78.0/include]
  collapse include dir [/cm/shared/sw/nix/store/2nq01a1xf3r3lgjbgp8wp9xpx2y8hcj5-hdf5-1.10.8/include] ==> [/cm/shared/sw/nix/store/2nq01a1xf3r3lgjbgp8wp9xpx2y8hcj5-hdf5-1.10.8/include]
  collapse include dir [/cm/shared/sw/nix/store/wf2b4c91f1s7n4cysvk0bshfnywvasmv-nfft-3.5.2/include] ==> [/cm/shared/sw/nix/store/wf2b4c91f1s7n4cysvk0bshfnywvasmv-nfft-3.5.2/include]
  collapse include dir [/cm/shared/sw/nix/store/avq18lr6jgg6fpikan0cdzaf61xzigkk-fftw-3.3.10/include] ==> [/cm/shared/sw/nix/store/avq18lr6jgg6fpikan0cdzaf61xzigkk-fftw-3.3.10/include]
  collapse include dir [/cm/shared/sw/nix/store/j4skrrvqyvk9bc2p7zqjd0qsfg4sg8nd-gmp-6.2.1/include] ==> [/cm/shared/sw/nix/store/j4skrrvqyvk9bc2p7zqjd0qsfg4sg8nd-gmp-6.2.1/include]
  collapse include dir [/cm/shared/sw/nix/store/dvc90n2l1p8lz5an0d4lnk2ahca50hfm-openmpi-4.0.7/include] ==> [/cm/shared/sw/nix/store/dvc90n2l1p8lz5an0d4lnk2ahca50hfm-openmpi-4.0.7/include]
  collapse include dir [/cm/shared/sw/nix/store/ddhcca3mhxdlqwm95fklqgv3ximkkwgz-flexiblas-3.0.4/include] ==> [/cm/shared/sw/nix/store/ddhcca3mhxdlqwm95fklqgv3ximkkwgz-flexiblas-3.0.4/include]
  collapse include dir [/cm/shared/sw/nix/store/aqkirva9k1vggmfcv7hy9rsy0kavh56m-gcc-10.3.0/include] ==> [/cm/shared/sw/nix/store/aqkirva9k1vggmfcv7hy9rsy0kavh56m-gcc-10.3.0/include]
  collapse include dir [/cm/shared/apps/slurm/current/include] ==> [/cm/shared/apps/slurm/current/include]
  collapse include dir [/cm/shared/sw/nix/store/i3n3fdm2hkrn8njaklii8ni1g9lp7imz-llvm-13.0.0/lib/clang/13.0.0/include] ==> [/cm/shared/sw/nix/store/i3n3fdm2hkrn8njaklii8ni1g9lp7imz-llvm-13.0.0/lib/clang/13.0.0/include]
  collapse include dir [/usr/local/include] ==> [/usr/local/include]
  collapse include dir [/usr/include] ==> [/usr/include]
  implicit include dirs: [/cm/shared/sw/nix/store/hryq9drhdswvw0khbqaqk9p5k20vpzs3-intel-oneapi-mkl-2022.0.1/mkl/2022.0.1/include;/cm/shared/sw/nix/store/clmmc53sav2i4hvg53q5866nd9nygc4b-python-3.9.9-view/include/python3.9;/cm/shared/sw/nix/store/i3n3fdm2hkrn8njaklii8ni1g9lp7imz-llvm-13.0.0/include;/cm/shared/sw/nix/store/clmmc53sav2i4hvg53q5866nd9nygc4b-python-3.9.9-view/include;/cm/shared/sw/nix/store/v92lzmn32qlq3l7hrah0rzkazpcr7m8k-boost-1.78.0/include;/cm/shared/sw/nix/store/2nq01a1xf3r3lgjbgp8wp9xpx2y8hcj5-hdf5-1.10.8/include;/cm/shared/sw/nix/store/wf2b4c91f1s7n4cysvk0bshfnywvasmv-nfft-3.5.2/include;/cm/shared/sw/nix/store/avq18lr6jgg6fpikan0cdzaf61xzigkk-fftw-3.3.10/include;/cm/shared/sw/nix/store/j4skrrvqyvk9bc2p7zqjd0qsfg4sg8nd-gmp-6.2.1/include;/cm/shared/sw/nix/store/dvc90n2l1p8lz5an0d4lnk2ahca50hfm-openmpi-4.0.7/include;/cm/shared/sw/nix/store/ddhcca3mhxdlqwm95fklqgv3ximkkwgz-flexiblas-3.0.4/include;/cm/shared/sw/nix/store/aqkirva9k1vggmfcv7hy9rsy0kavh56m-gcc-10.3.0/include;/cm/shared/apps/slurm/current/include;/cm/shared/sw/nix/store/i3n3fdm2hkrn8njaklii8ni1g9lp7imz-llvm-13.0.0/lib/clang/13.0.0/include;/usr/local/include;/usr/include]


Parsed C implicit link information from above output:
  link line regex: [^( *|.*[/\])(ld\.lld|CMAKE_LINK_STARTFILE-NOTFOUND|([^/\]+-)?ld|collect2)[^/\]*( |$)]
  ignore line: [Change Dir: /mnt/home/nkavokine/ctseg_J/build/CMakeFiles/CMakeTmp]
  ignore line: []
  ignore line: [Run Build Command(s):/usr/bin/gmake -f Makefile cmTC_c9088/fast && /usr/bin/gmake  -f CMakeFiles/cmTC_c9088.dir/build.make CMakeFiles/cmTC_c9088.dir/build]
  ignore line: [gmake[1]: Entering directory `/mnt/home/nkavokine/ctseg_J/build/CMakeFiles/CMakeTmp']
  ignore line: [Building C object CMakeFiles/cmTC_c9088.dir/CMakeCCompilerABI.c.o]
  ignore line: [/cm/shared/sw/nix/store/i3n3fdm2hkrn8njaklii8ni1g9lp7imz-llvm-13.0.0/bin/clang   -march=broadwell    -v -MD -MT CMakeFiles/cmTC_c9088.dir/CMakeCCompilerABI.c.o -MF CMakeFiles/cmTC_c9088.dir/CMakeCCompilerABI.c.o.d -o CMakeFiles/cmTC_c9088.dir/CMakeCCompilerABI.c.o -c /cm/shared/sw/nix/store/aq0iiip5q7lf45g8ip4ijcsvd1zffwhn-cmake-3.22.1/share/cmake-3.22/Modules/CMakeCCompilerABI.c]
  ignore line: [clang version 13.0.0]
  ignore line: [Target: x86_64-unknown-linux-gnu]
  ignore line: [Thread model: posix]
  ignore line: [InstalledDir: /cm/shared/sw/nix/store/i3n3fdm2hkrn8njaklii8ni1g9lp7imz-llvm-13.0.0/bin]
  ignore line: [Found candidate GCC installation: /cm/shared/sw/nix/store/hmphldjnv7440cwpv29ph5d5bp3lbxz5-gcc-11.2.0/lib/gcc/x86_64-pc-linux-gnu/11.2.0]
  ignore line: [Selected GCC installation: /cm/shared/sw/nix/store/hmphldjnv7440cwpv29ph5d5bp3lbxz5-gcc-11.2.0/lib/gcc/x86_64-pc-linux-gnu/11.2.0]
  ignore line: [Candidate multilib: .]
  ignore line: [@m64]
  ignore line: [Selected multilib: .]
  ignore line: [@m64]
  ignore line: [ (in-process)]
  ignore line: [ "/cm/shared/sw/nix/store/i3n3fdm2hkrn8njaklii8ni1g9lp7imz-llvm-13.0.0/bin/clang-13" -cc1 -triple x86_64-unknown-linux-gnu -emit-obj -mrelax-all --mrelax-relocations -disable-free -disable-llvm-verifier -discard-value-names -main-file-name CMakeCCompilerABI.c -mrelocation-model static -mframe-pointer=all -fmath-errno -fno-rounding-math -mconstructor-aliases -munwind-tables -target-cpu broadwell -debugger-tuning=gdb -v -fcoverage-compilation-dir=/mnt/home/nkavokine/ctseg_J/build/CMakeFiles/CMakeTmp -resource-dir /cm/shared/sw/nix/store/i3n3fdm2hkrn8njaklii8ni1g9lp7imz-llvm-13.0.0/lib/clang/13.0.0 -dependency-file CMakeFiles/cmTC_c9088.dir/CMakeCCompilerABI.c.o.d -MT CMakeFiles/cmTC_c9088.dir/CMakeCCompilerABI.c.o -sys-header-deps -I/cm/shared/sw/nix/store/hryq9drhdswvw0khbqaqk9p5k20vpzs3-intel-oneapi-mkl-2022.0.1/mkl/2022.0.1/include -I/cm/shared/sw/nix/store/clmmc53sav2i4hvg53q5866nd9nygc4b-python-3.9.9-view/include/python3.9 -c-isystem /cm/shared/sw/nix/store/i3n3fdm2hkrn8njaklii8ni1g9lp7imz-llvm-13.0.0/include -c-isystem /cm/shared/sw/nix/store/clmmc53sav2i4hvg53q5866nd9nygc4b-python-3.9.9-view/include -c-isystem /cm/shared/sw/nix/store/v92lzmn32qlq3l7hrah0rzkazpcr7m8k-boost-1.78.0/include -c-isystem /cm/shared/sw/nix/store/2nq01a1xf3r3lgjbgp8wp9xpx2y8hcj5-hdf5-1.10.8/include -c-isystem /cm/shared/sw/nix/store/wf2b4c91f1s7n4cysvk0bshfnywvasmv-nfft-3.5.2/include -c-isystem /cm/shared/sw/nix/store/avq18lr6jgg6fpikan0cdzaf61xzigkk-fftw-3.3.10/include -c-isystem /cm/shared/sw/nix/store/j4skrrvqyvk9bc2p7zqjd0qsfg4sg8nd-gmp-6.2.1/include -c-isystem /cm/shared/sw/nix/store/dvc90n2l1p8lz5an0d4lnk2ahca50hfm-openmpi-4.0.7/include -c-isystem /cm/shared/sw/nix/store/ddhcca3mhxdlqwm95fklqgv3ximkkwgz-flexiblas-3.0.4/include -c-isystem /cm/shared/sw/nix/store/aqkirva9k1vggmfcv7hy9rsy0kavh56m-gcc-10.3.0/include -c-isystem /cm/shared/apps/slurm/current/include -cxx-isystem /cm/shared/sw/nix/store/i3n3fdm2hkrn8njaklii8ni1g9lp7imz-llvm-13.0.0/include -cxx-isystem /cm/shared/sw/nix/store/clmmc53sav2i4hvg53q5866nd9nygc4b-python-3.9.9-view/include -cxx-isystem /cm/shared/sw/nix/store/v92lzmn32qlq3l7hrah0rzkazpcr7m8k-boost-1.78.0/include -cxx-isystem /cm/shared/sw/nix/store/2nq01a1xf3r3lgjbgp8wp9xpx2y8hcj5-hdf5-1.10.8/include -cxx-isystem /cm/shared/sw/nix/store/wf2b4c91f1s7n4cysvk0bshfnywvasmv-nfft-3.5.2/include -cxx-isystem /cm/shared/sw/nix/store/avq18lr6jgg6fpikan0cdzaf61xzigkk-fftw-3.3.10/include -cxx-isystem /cm/shared/sw/nix/store/j4skrrvqyvk9bc2p7zqjd0qsfg4sg8nd-gmp-6.2.1/include -cxx-isystem /cm/shared/sw/nix/store/dvc90n2l1p8lz5an0d4lnk2ahca50hfm-openmpi-4.0.7/include -cxx-isystem /cm/shared/sw/nix/store/ddhcca3mhxdlqwm95fklqgv3ximkkwgz-flexiblas-3.0.4/include -cxx-isystem /cm/shared/sw/nix/store/aqkirva9k1vggmfcv7hy9rsy0kavh56m-gcc-10.3.0/include -cxx-isystem /cm/shared/apps/slurm/current/include -internal-isystem /cm/shared/sw/nix/store/i3n3fdm2hkrn8njaklii8ni1g9lp7imz-llvm-13.0.0/lib/clang/13.0.0/include -internal-isystem /usr/local/include -internal-isystem /cm/shared/sw/nix/store/hmphldjnv7440cwpv29ph5d5bp3lbxz5-gcc-11.2.0/lib/gcc/x86_64-pc-linux-gnu/11.2.0/../../../../x86_64-pc-linux-gnu/include -internal-externc-isystem /include -internal-externc-isystem /usr/include -fdebug-compilation-dir=/mnt/home/nkavokine/ctseg_J/build/CMakeFiles/CMakeTmp -ferror-limit 19 -fgnuc-version=4.2.1 -faddrsig -D__GCC_HAVE_DWARF2_CFI_ASM=1 -o CMakeFiles/cmTC_c9088.dir/CMakeCCompilerABI.c.o -x c /cm/shared/sw/nix/store/aq0iiip5q7lf45g8ip4ijcsvd1zffwhn-cmake-3.22.1/share/cmake-3.22/Modules/CMakeCCompilerABI.c]
  ignore line: [clang -cc1 version 13.0.0 based upon LLVM 13.0.0 default target x86_64-unknown-linux-gnu]
  ignore line: [ignoring nonexistent directory "/cm/shared/sw/nix/store/hmphldjnv7440cwpv29ph5d5bp3lbxz5-gcc-11.2.0/lib/gcc/x86_64-pc-linux-gnu/11.2.0/../../../../x86_64-pc-linux-gnu/include"]
  ignore line: [ignoring nonexistent directory "/include"]
  ignore line: [#include "..." search starts here:]
  ignore line: [#include <...> search starts here:]
  ignore line: [ /cm/shared/sw/nix/store/hryq9drhdswvw0khbqaqk9p5k20vpzs3-intel-oneapi-mkl-2022.0.1/mkl/2022.0.1/include]
  ignore line: [ /cm/shared/sw/nix/store/clmmc53sav2i4hvg53q5866nd9nygc4b-python-3.9.9-view/include/python3.9]
  ignore line: [ /cm/shared/sw/nix/store/i3n3fdm2hkrn8njaklii8ni1g9lp7imz-llvm-13.0.0/include]
  ignore line: [ /cm/shared/sw/nix/store/clmmc53sav2i4hvg53q5866nd9nygc4b-python-3.9.9-view/include]
  ignore line: [ /cm/shared/sw/nix/store/v92lzmn32qlq3l7hrah0rzkazpcr7m8k-boost-1.78.0/include]
  ignore line: [ /cm/shared/sw/nix/store/2nq01a1xf3r3lgjbgp8wp9xpx2y8hcj5-hdf5-1.10.8/include]
  ignore line: [ /cm/shared/sw/nix/store/wf2b4c91f1s7n4cysvk0bshfnywvasmv-nfft-3.5.2/include]
  ignore line: [ /cm/shared/sw/nix/store/avq18lr6jgg6fpikan0cdzaf61xzigkk-fftw-3.3.10/include]
  ignore line: [ /cm/shared/sw/nix/store/j4skrrvqyvk9bc2p7zqjd0qsfg4sg8nd-gmp-6.2.1/include]
  ignore line: [ /cm/shared/sw/nix/store/dvc90n2l1p8lz5an0d4lnk2ahca50hfm-openmpi-4.0.7/include]
  ignore line: [ /cm/shared/sw/nix/store/ddhcca3mhxdlqwm95fklqgv3ximkkwgz-flexiblas-3.0.4/include]
  ignore line: [ /cm/shared/sw/nix/store/aqkirva9k1vggmfcv7hy9rsy0kavh56m-gcc-10.3.0/include]
  ignore line: [ /cm/shared/apps/slurm/current/include]
  ignore line: [ /cm/shared/sw/nix/store/i3n3fdm2hkrn8njaklii8ni1g9lp7imz-llvm-13.0.0/lib/clang/13.0.0/include]
  ignore line: [ /usr/local/include]
  ignore line: [ /usr/include]
  ignore line: [End of search list.]
  ignore line: [Linking C executable cmTC_c9088]
  ignore line: [/cm/shared/sw/nix/store/aq0iiip5q7lf45g8ip4ijcsvd1zffwhn-cmake-3.22.1/bin/cmake -E cmake_link_script CMakeFiles/cmTC_c9088.dir/link.txt --verbose=1]
  ignore line: [/cm/shared/sw/nix/store/i3n3fdm2hkrn8njaklii8ni1g9lp7imz-llvm-13.0.0/bin/clang -march=broadwell   -v CMakeFiles/cmTC_c9088.dir/CMakeCCompilerABI.c.o -o cmTC_c9088 ]
  ignore line: [clang version 13.0.0]
  ignore line: [Target: x86_64-unknown-linux-gnu]
  ignore line: [Thread model: posix]
  ignore line: [InstalledDir: /cm/shared/sw/nix/store/i3n3fdm2hkrn8njaklii8ni1g9lp7imz-llvm-13.0.0/bin]
  ignore line: [Found candidate GCC installation: /cm/shared/sw/nix/store/hmphldjnv7440cwpv29ph5d5bp3lbxz5-gcc-11.2.0/lib/gcc/x86_64-pc-linux-gnu/11.2.0]
  ignore line: [Selected GCC installation: /cm/shared/sw/nix/store/hmphldjnv7440cwpv29ph5d5bp3lbxz5-gcc-11.2.0/lib/gcc/x86_64-pc-linux-gnu/11.2.0]
  ignore line: [Candidate multilib: .]
  ignore line: [@m64]
  ignore line: [Selected multilib: .]
  ignore line: [@m64]
  link line: [ "/usr/bin/ld" --hash-style=gnu --eh-frame-hdr -m elf_x86_64 -dynamic-linker /lib64/ld-linux-x86-64.so.2 -o cmTC_c9088 /lib/../lib64/crt1.o /lib/../lib64/crti.o /cm/shared/sw/nix/store/hmphldjnv7440cwpv29ph5d5bp3lbxz5-gcc-11.2.0/lib/gcc/x86_64-pc-linux-gnu/11.2.0/crtbegin.o -L/cm/shared/sw/nix/store/hmphldjnv7440cwpv29ph5d5bp3lbxz5-gcc-11.2.0/lib/gcc/x86_64-pc-linux-gnu/11.2.0 -L/cm/shared/sw/nix/store/hmphldjnv7440cwpv29ph5d5bp3lbxz5-gcc-11.2.0/lib/gcc/x86_64-pc-linux-gnu/11.2.0/../../../../lib64 -L/lib/../lib64 -L/usr/lib/../lib64 -L/cm/shared/sw/nix/store/i3n3fdm2hkrn8njaklii8ni1g9lp7imz-llvm-13.0.0/bin/../lib -L/lib -L/usr/lib -L/cm/shared/sw/nix/store/i3n3fdm2hkrn8njaklii8ni1g9lp7imz-llvm-13.0.0/lib -L/cm/shared/sw/nix/store/hryq9drhdswvw0khbqaqk9p5k20vpzs3-intel-oneapi-mkl-2022.0.1/mkl/2022.0.1/lib/intel64 -L/cm/shared/sw/nix/store/hryq9drhdswvw0khbqaqk9p5k20vpzs3-intel-oneapi-mkl-2022.0.1/lib -L/cm/shared/sw/nix/store/bcx7ls8qbd098qhkg9axnpdpsavb287l-py-mpi4py-3.1.2-view/lib -L/cm/shared/sw/nix/store/clmmc53sav2i4hvg53q5866nd9nygc4b-python-3.9.9-view/lib -L/cm/shared/sw/nix/store/v92lzmn32qlq3l7hrah0rzkazpcr7m8k-boost-1.78.0/lib64 -L/cm/shared/sw/nix/store/v92lzmn32qlq3l7hrah0rzkazpcr7m8k-boost-1.78.0/lib -L/cm/shared/sw/nix/store/2nq01a1xf3r3lgjbgp8wp9xpx2y8hcj5-hdf5-1.10.8/lib64 -L/cm/shared/sw/nix/store/2nq01a1xf3r3lgjbgp8wp9xpx2y8hcj5-hdf5-1.10.8/lib -L/cm/shared/sw/nix/store/wf2b4c91f1s7n4cysvk0bshfnywvasmv-nfft-3.5.2/lib -L/cm/shared/sw/nix/store/avq18lr6jgg6fpikan0cdzaf61xzigkk-fftw-3.3.10/lib64 -L/cm/shared/sw/nix/store/avq18lr6jgg6fpikan0cdzaf61xzigkk-fftw-3.3.10/lib -L/cm/shared/sw/nix/store/j4skrrvqyvk9bc2p7zqjd0qsfg4sg8nd-gmp-6.2.1/lib -L/cm/shared/sw/nix/store/dvc90n2l1p8lz5an0d4lnk2ahca50hfm-openmpi-4.0.7/lib -L/cm/shared/sw/nix/store/ddhcca3mhxdlqwm95fklqgv3ximkkwgz-flexiblas-3.0.4/lib64 -L/cm/shared/sw/nix/store/aqkirva9k1vggmfcv7hy9rsy0kavh56m-gcc-10.3.0/lib64 -L/cm/shared/sw/nix/store/aqkirva9k1vggmfcv7hy9rsy0kavh56m-gcc-10.3.0/lib -L/cm/shared/apps/slurm/current/lib64 CMakeFiles/cmTC_c9088.dir/CMakeCCompilerABI.c.o -lgcc --as-needed -lgcc_s --no-as-needed -lc -lgcc --as-needed -lgcc_s --no-as-needed /cm/shared/sw/nix/store/hmphldjnv7440cwpv29ph5d5bp3lbxz5-gcc-11.2.0/lib/gcc/x86_64-pc-linux-gnu/11.2.0/crtend.o /lib/../lib64/crtn.o]
    arg [/usr/bin/ld] ==> ignore
    arg [--hash-style=gnu] ==> ignore
    arg [--eh-frame-hdr] ==> ignore
    arg [-m] ==> ignore
    arg [elf_x86_64] ==> ignore
    arg [-dynamic-linker] ==> ignore
    arg [/lib64/ld-linux-x86-64.so.2] ==> ignore
    arg [-o] ==> ignore
    arg [cmTC_c9088] ==> ignore
    arg [/lib/../lib64/crt1.o] ==> obj [/lib/../lib64/crt1.o]
    arg [/lib/../lib64/crti.o] ==> obj [/lib/../lib64/crti.o]
    arg [/cm/shared/sw/nix/store/hmphldjnv7440cwpv29ph5d5bp3lbxz5-gcc-11.2.0/lib/gcc/x86_64-pc-linux-gnu/11.2.0/crtbegin.o] ==> obj [/cm/shared/sw/nix/store/hmphldjnv7440cwpv29ph5d5bp3lbxz5-gcc-11.2.0/lib/gcc/x86_64-pc-linux-gnu/11.2.0/crtbegin.o]
    arg [-L/cm/shared/sw/nix/store/hmphldjnv7440cwpv29ph5d5bp3lbxz5-gcc-11.2.0/lib/gcc/x86_64-pc-linux-gnu/11.2.0] ==> dir [/cm/shared/sw/nix/store/hmphldjnv7440cwpv29ph5d5bp3lbxz5-gcc-11.2.0/lib/gcc/x86_64-pc-linux-gnu/11.2.0]
    arg [-L/cm/shared/sw/nix/store/hmphldjnv7440cwpv29ph5d5bp3lbxz5-gcc-11.2.0/lib/gcc/x86_64-pc-linux-gnu/11.2.0/../../../../lib64] ==> dir [/cm/shared/sw/nix/store/hmphldjnv7440cwpv29ph5d5bp3lbxz5-gcc-11.2.0/lib/gcc/x86_64-pc-linux-gnu/11.2.0/../../../../lib64]
    arg [-L/lib/../lib64] ==> dir [/lib/../lib64]
    arg [-L/usr/lib/../lib64] ==> dir [/usr/lib/../lib64]
    arg [-L/cm/shared/sw/nix/store/i3n3fdm2hkrn8njaklii8ni1g9lp7imz-llvm-13.0.0/bin/../lib] ==> dir [/cm/shared/sw/nix/store/i3n3fdm2hkrn8njaklii8ni1g9lp7imz-llvm-13.0.0/bin/../lib]
    arg [-L/lib] ==> dir [/lib]
    arg [-L/usr/lib] ==> dir [/usr/lib]
    arg [-L/cm/shared/sw/nix/store/i3n3fdm2hkrn8njaklii8ni1g9lp7imz-llvm-13.0.0/lib] ==> dir [/cm/shared/sw/nix/store/i3n3fdm2hkrn8njaklii8ni1g9lp7imz-llvm-13.0.0/lib]
    arg [-L/cm/shared/sw/nix/store/hryq9drhdswvw0khbqaqk9p5k20vpzs3-intel-oneapi-mkl-2022.0.1/mkl/2022.0.1/lib/intel64] ==> dir [/cm/shared/sw/nix/store/hryq9drhdswvw0khbqaqk9p5k20vpzs3-intel-oneapi-mkl-2022.0.1/mkl/2022.0.1/lib/intel64]
    arg [-L/cm/shared/sw/nix/store/hryq9drhdswvw0khbqaqk9p5k20vpzs3-intel-oneapi-mkl-2022.0.1/lib] ==> dir [/cm/shared/sw/nix/store/hryq9drhdswvw0khbqaqk9p5k20vpzs3-intel-oneapi-mkl-2022.0.1/lib]
    arg [-L/cm/shared/sw/nix/store/bcx7ls8qbd098qhkg9axnpdpsavb287l-py-mpi4py-3.1.2-view/lib] ==> dir [/cm/shared/sw/nix/store/bcx7ls8qbd098qhkg9axnpdpsavb287l-py-mpi4py-3.1.2-view/lib]
    arg [-L/cm/shared/sw/nix/store/clmmc53sav2i4hvg53q5866nd9nygc4b-python-3.9.9-view/lib] ==> dir [/cm/shared/sw/nix/store/clmmc53sav2i4hvg53q5866nd9nygc4b-python-3.9.9-view/lib]
    arg [-L/cm/shared/sw/nix/store/v92lzmn32qlq3l7hrah0rzkazpcr7m8k-boost-1.78.0/lib64] ==> dir [/cm/shared/sw/nix/store/v92lzmn32qlq3l7hrah0rzkazpcr7m8k-boost-1.78.0/lib64]
    arg [-L/cm/shared/sw/nix/store/v92lzmn32qlq3l7hrah0rzkazpcr7m8k-boost-1.78.0/lib] ==> dir [/cm/shared/sw/nix/store/v92lzmn32qlq3l7hrah0rzkazpcr7m8k-boost-1.78.0/lib]
    arg [-L/cm/shared/sw/nix/store/2nq01a1xf3r3lgjbgp8wp9xpx2y8hcj5-hdf5-1.10.8/lib64] ==> dir [/cm/shared/sw/nix/store/2nq01a1xf3r3lgjbgp8wp9xpx2y8hcj5-hdf5-1.10.8/lib64]
    arg [-L/cm/shared/sw/nix/store/2nq01a1xf3r3lgjbgp8wp9xpx2y8hcj5-hdf5-1.10.8/lib] ==> dir [/cm/shared/sw/nix/store/2nq01a1xf3r3lgjbgp8wp9xpx2y8hcj5-hdf5-1.10.8/lib]
    arg [-L/cm/shared/sw/nix/store/wf2b4c91f1s7n4cysvk0bshfnywvasmv-nfft-3.5.2/lib] ==> dir [/cm/shared/sw/nix/store/wf2b4c91f1s7n4cysvk0bshfnywvasmv-nfft-3.5.2/lib]
    arg [-L/cm/shared/sw/nix/store/avq18lr6jgg6fpikan0cdzaf61xzigkk-fftw-3.3.10/lib64] ==> dir [/cm/shared/sw/nix/store/avq18lr6jgg6fpikan0cdzaf61xzigkk-fftw-3.3.10/lib64]
    arg [-L/cm/shared/sw/nix/store/avq18lr6jgg6fpikan0cdzaf61xzigkk-fftw-3.3.10/lib] ==> dir [/cm/shared/sw/nix/store/avq18lr6jgg6fpikan0cdzaf61xzigkk-fftw-3.3.10/lib]
    arg [-L/cm/shared/sw/nix/store/j4skrrvqyvk9bc2p7zqjd0qsfg4sg8nd-gmp-6.2.1/lib] ==> dir [/cm/shared/sw/nix/store/j4skrrvqyvk9bc2p7zqjd0qsfg4sg8nd-gmp-6.2.1/lib]
    arg [-L/cm/shared/sw/nix/store/dvc90n2l1p8lz5an0d4lnk2ahca50hfm-openmpi-4.0.7/lib] ==> dir [/cm/shared/sw/nix/store/dvc90n2l1p8lz5an0d4lnk2ahca50hfm-openmpi-4.0.7/lib]
    arg [-L/cm/shared/sw/nix/store/ddhcca3mhxdlqwm95fklqgv3ximkkwgz-flexiblas-3.0.4/lib64] ==> dir [/cm/shared/sw/nix/store/ddhcca3mhxdlqwm95fklqgv3ximkkwgz-flexiblas-3.0.4/lib64]
    arg [-L/cm/shared/sw/nix/store/aqkirva9k1vggmfcv7hy9rsy0kavh56m-gcc-10.3.0/lib64] ==> dir [/cm/shared/sw/nix/store/aqkirva9k1vggmfcv7hy9rsy0kavh56m-gcc-10.3.0/lib64]
    arg [-L/cm/shared/sw/nix/store/aqkirva9k1vggmfcv7hy9rsy0kavh56m-gcc-10.3.0/lib] ==> dir [/cm/shared/sw/nix/store/aqkirva9k1vggmfcv7hy9rsy0kavh56m-gcc-10.3.0/lib]
    arg [-L/cm/shared/apps/slurm/current/lib64] ==> dir [/cm/shared/apps/slurm/current/lib64]
    arg [CMakeFiles/cmTC_c9088.dir/CMakeCCompilerABI.c.o] ==> ignore
    arg [-lgcc] ==> lib [gcc]
    arg [--as-needed] ==> ignore
    arg [-lgcc_s] ==> lib [gcc_s]
    arg [--no-as-needed] ==> ignore
    arg [-lc] ==> lib [c]
    arg [-lgcc] ==> lib [gcc]
    arg [--as-needed] ==> ignore
    arg [-lgcc_s] ==> lib [gcc_s]
    arg [--no-as-needed] ==> ignore
    arg [/cm/shared/sw/nix/store/hmphldjnv7440cwpv29ph5d5bp3lbxz5-gcc-11.2.0/lib/gcc/x86_64-pc-linux-gnu/11.2.0/crtend.o] ==> obj [/cm/shared/sw/nix/store/hmphldjnv7440cwpv29ph5d5bp3lbxz5-gcc-11.2.0/lib/gcc/x86_64-pc-linux-gnu/11.2.0/crtend.o]
    arg [/lib/../lib64/crtn.o] ==> obj [/lib/../lib64/crtn.o]
  collapse obj [/lib/../lib64/crt1.o] ==> [/lib64/crt1.o]
  collapse obj [/lib/../lib64/crti.o] ==> [/lib64/crti.o]
  collapse obj [/lib/../lib64/crtn.o] ==> [/lib64/crtn.o]
  collapse library dir [/cm/shared/sw/nix/store/hmphldjnv7440cwpv29ph5d5bp3lbxz5-gcc-11.2.0/lib/gcc/x86_64-pc-linux-gnu/11.2.0] ==> [/cm/shared/sw/nix/store/hmphldjnv7440cwpv29ph5d5bp3lbxz5-gcc-11.2.0/lib/gcc/x86_64-pc-linux-gnu/11.2.0]
  collapse library dir [/cm/shared/sw/nix/store/hmphldjnv7440cwpv29ph5d5bp3lbxz5-gcc-11.2.0/lib/gcc/x86_64-pc-linux-gnu/11.2.0/../../../../lib64] ==> [/cm/shared/sw/nix/store/hmphldjnv7440cwpv29ph5d5bp3lbxz5-gcc-11.2.0/lib64]
  collapse library dir [/lib/../lib64] ==> [/lib64]
  collapse library dir [/usr/lib/../lib64] ==> [/usr/lib64]
  collapse library dir [/cm/shared/sw/nix/store/i3n3fdm2hkrn8njaklii8ni1g9lp7imz-llvm-13.0.0/bin/../lib] ==> [/cm/shared/sw/nix/store/i3n3fdm2hkrn8njaklii8ni1g9lp7imz-llvm-13.0.0/lib]
  collapse library dir [/lib] ==> [/lib]
  collapse library dir [/usr/lib] ==> [/usr/lib]
  collapse library dir [/cm/shared/sw/nix/store/i3n3fdm2hkrn8njaklii8ni1g9lp7imz-llvm-13.0.0/lib] ==> [/cm/shared/sw/nix/store/i3n3fdm2hkrn8njaklii8ni1g9lp7imz-llvm-13.0.0/lib]
  collapse library dir [/cm/shared/sw/nix/store/hryq9drhdswvw0khbqaqk9p5k20vpzs3-intel-oneapi-mkl-2022.0.1/mkl/2022.0.1/lib/intel64] ==> [/cm/shared/sw/nix/store/hryq9drhdswvw0khbqaqk9p5k20vpzs3-intel-oneapi-mkl-2022.0.1/mkl/2022.0.1/lib/intel64]
  collapse library dir [/cm/shared/sw/nix/store/hryq9drhdswvw0khbqaqk9p5k20vpzs3-intel-oneapi-mkl-2022.0.1/lib] ==> [/cm/shared/sw/nix/store/hryq9drhdswvw0khbqaqk9p5k20vpzs3-intel-oneapi-mkl-2022.0.1/lib]
  collapse library dir [/cm/shared/sw/nix/store/bcx7ls8qbd098qhkg9axnpdpsavb287l-py-mpi4py-3.1.2-view/lib] ==> [/cm/shared/sw/nix/store/bcx7ls8qbd098qhkg9axnpdpsavb287l-py-mpi4py-3.1.2-view/lib]
  collapse library dir [/cm/shared/sw/nix/store/clmmc53sav2i4hvg53q5866nd9nygc4b-python-3.9.9-view/lib] ==> [/cm/shared/sw/nix/store/clmmc53sav2i4hvg53q5866nd9nygc4b-python-3.9.9-view/lib]
  collapse library dir [/cm/shared/sw/nix/store/v92lzmn32qlq3l7hrah0rzkazpcr7m8k-boost-1.78.0/lib64] ==> [/cm/shared/sw/nix/store/v92lzmn32qlq3l7hrah0rzkazpcr7m8k-boost-1.78.0/lib64]
  collapse library dir [/cm/shared/sw/nix/store/v92lzmn32qlq3l7hrah0rzkazpcr7m8k-boost-1.78.0/lib] ==> [/cm/shared/sw/nix/store/v92lzmn32qlq3l7hrah0rzkazpcr7m8k-boost-1.78.0/lib]
  collapse library dir [/cm/shared/sw/nix/store/2nq01a1xf3r3lgjbgp8wp9xpx2y8hcj5-hdf5-1.10.8/lib64] ==> [/cm/shared/sw/nix/store/2nq01a1xf3r3lgjbgp8wp9xpx2y8hcj5-hdf5-1.10.8/lib64]
  collapse library dir [/cm/shared/sw/nix/store/2nq01a1xf3r3lgjbgp8wp9xpx2y8hcj5-hdf5-1.10.8/lib] ==> [/cm/shared/sw/nix/store/2nq01a1xf3r3lgjbgp8wp9xpx2y8hcj5-hdf5-1.10.8/lib]
  collapse library dir [/cm/shared/sw/nix/store/wf2b4c91f1s7n4cysvk0bshfnywvasmv-nfft-3.5.2/lib] ==> [/cm/shared/sw/nix/store/wf2b4c91f1s7n4cysvk0bshfnywvasmv-nfft-3.5.2/lib]
  collapse library dir [/cm/shared/sw/nix/store/avq18lr6jgg6fpikan0cdzaf61xzigkk-fftw-3.3.10/lib64] ==> [/cm/shared/sw/nix/store/avq18lr6jgg6fpikan0cdzaf61xzigkk-fftw-3.3.10/lib64]
  collapse library dir [/cm/shared/sw/nix/store/avq18lr6jgg6fpikan0cdzaf61xzigkk-fftw-3.3.10/lib] ==> [/cm/shared/sw/nix/store/avq18lr6jgg6fpikan0cdzaf61xzigkk-fftw-3.3.10/lib]
  collapse library dir [/cm/shared/sw/nix/store/j4skrrvqyvk9bc2p7zqjd0qsfg4sg8nd-gmp-6.2.1/lib] ==> [/cm/shared/sw/nix/store/j4skrrvqyvk9bc2p7zqjd0qsfg4sg8nd-gmp-6.2.1/lib]
  collapse library dir [/cm/shared/sw/nix/store/dvc90n2l1p8lz5an0d4lnk2ahca50hfm-openmpi-4.0.7/lib] ==> [/cm/shared/sw/nix/store/dvc90n2l1p8lz5an0d4lnk2ahca50hfm-openmpi-4.0.7/lib]
  collapse library dir [/cm/shared/sw/nix/store/ddhcca3mhxdlqwm95fklqgv3ximkkwgz-flexiblas-3.0.4/lib64] ==> [/cm/shared/sw/nix/store/ddhcca3mhxdlqwm95fklqgv3ximkkwgz-flexiblas-3.0.4/lib64]
  collapse library dir [/cm/shared/sw/nix/store/aqkirva9k1vggmfcv7hy9rsy0kavh56m-gcc-10.3.0/lib64] ==> [/cm/shared/sw/nix/store/aqkirva9k1vggmfcv7hy9rsy0kavh56m-gcc-10.3.0/lib64]
  collapse library dir [/cm/shared/sw/nix/store/aqkirva9k1vggmfcv7hy9rsy0kavh56m-gcc-10.3.0/lib] ==> [/cm/shared/sw/nix/store/aqkirva9k1vggmfcv7hy9rsy0kavh56m-gcc-10.3.0/lib]
  collapse library dir [/cm/shared/apps/slurm/current/lib64] ==> [/cm/shared/apps/slurm/current/lib64]
  implicit libs: [gcc;gcc_s;c;gcc;gcc_s]
  implicit objs: [/lib64/crt1.o;/lib64/crti.o;/cm/shared/sw/nix/store/hmphldjnv7440cwpv29ph5d5bp3lbxz5-gcc-11.2.0/lib/gcc/x86_64-pc-linux-gnu/11.2.0/crtbegin.o;/cm/shared/sw/nix/store/hmphldjnv7440cwpv29ph5d5bp3lbxz5-gcc-11.2.0/lib/gcc/x86_64-pc-linux-gnu/11.2.0/crtend.o;/lib64/crtn.o]
  implicit dirs: [/cm/shared/sw/nix/store/hmphldjnv7440cwpv29ph5d5bp3lbxz5-gcc-11.2.0/lib/gcc/x86_64-pc-linux-gnu/11.2.0;/cm/shared/sw/nix/store/hmphldjnv7440cwpv29ph5d5bp3lbxz5-gcc-11.2.0/lib64;/lib64;/usr/lib64;/cm/shared/sw/nix/store/i3n3fdm2hkrn8njaklii8ni1g9lp7imz-llvm-13.0.0/lib;/lib;/usr/lib;/cm/shared/sw/nix/store/hryq9drhdswvw0khbqaqk9p5k20vpzs3-intel-oneapi-mkl-2022.0.1/mkl/2022.0.1/lib/intel64;/cm/shared/sw/nix/store/hryq9drhdswvw0khbqaqk9p5k20vpzs3-intel-oneapi-mkl-2022.0.1/lib;/cm/shared/sw/nix/store/bcx7ls8qbd098qhkg9axnpdpsavb287l-py-mpi4py-3.1.2-view/lib;/cm/shared/sw/nix/store/clmmc53sav2i4hvg53q5866nd9nygc4b-python-3.9.9-view/lib;/cm/shared/sw/nix/store/v92lzmn32qlq3l7hrah0rzkazpcr7m8k-boost-1.78.0/lib64;/cm/shared/sw/nix/store/v92lzmn32qlq3l7hrah0rzkazpcr7m8k-boost-1.78.0/lib;/cm/shared/sw/nix/store/2nq01a1xf3r3lgjbgp8wp9xpx2y8hcj5-hdf5-1.10.8/lib64;/cm/shared/sw/nix/store/2nq01a1xf3r3lgjbgp8wp9xpx2y8hcj5-hdf5-1.10.8/lib;/cm/shared/sw/nix/store/wf2b4c91f1s7n4cysvk0bshfnywvasmv-nfft-3.5.2/lib;/cm/shared/sw/nix/store/avq18lr6jgg6fpikan0cdzaf61xzigkk-fftw-3.3.10/lib64;/cm/shared/sw/nix/store/avq18lr6jgg6fpikan0cdzaf61xzigkk-fftw-3.3.10/lib;/cm/shared/sw/nix/store/j4skrrvqyvk9bc2p7zqjd0qsfg4sg8nd-gmp-6.2.1/lib;/cm/shared/sw/nix/store/dvc90n2l1p8lz5an0d4lnk2ahca50hfm-openmpi-4.0.7/lib;/cm/shared/sw/nix/store/ddhcca3mhxdlqwm95fklqgv3ximkkwgz-flexiblas-3.0.4/lib64;/cm/shared/sw/nix/store/aqkirva9k1vggmfcv7hy9rsy0kavh56m-gcc-10.3.0/lib64;/cm/shared/sw/nix/store/aqkirva9k1vggmfcv7hy9rsy0kavh56m-gcc-10.3.0/lib;/cm/shared/apps/slurm/current/lib64]
  implicit fwks: []


Detecting CXX compiler ABI info compiled with the following output:
Change Dir: /mnt/home/nkavokine/ctseg_J/build/CMakeFiles/CMakeTmp

Run Build Command(s):/usr/bin/gmake -f Makefile cmTC_1cff1/fast && /usr/bin/gmake  -f CMakeFiles/cmTC_1cff1.dir/build.make CMakeFiles/cmTC_1cff1.dir/build
gmake[1]: Entering directory `/mnt/home/nkavokine/ctseg_J/build/CMakeFiles/CMakeTmp'
Building CXX object CMakeFiles/cmTC_1cff1.dir/CMakeCXXCompilerABI.cpp.o
/cm/shared/sw/nix/store/i3n3fdm2hkrn8njaklii8ni1g9lp7imz-llvm-13.0.0/bin/clang++   -stdlib=libc++ -Wno-register -march=broadwell    -v -MD -MT CMakeFiles/cmTC_1cff1.dir/CMakeCXXCompilerABI.cpp.o -MF CMakeFiles/cmTC_1cff1.dir/CMakeCXXCompilerABI.cpp.o.d -o CMakeFiles/cmTC_1cff1.dir/CMakeCXXCompilerABI.cpp.o -c /cm/shared/sw/nix/store/aq0iiip5q7lf45g8ip4ijcsvd1zffwhn-cmake-3.22.1/share/cmake-3.22/Modules/CMakeCXXCompilerABI.cpp
clang version 13.0.0
Target: x86_64-unknown-linux-gnu
Thread model: posix
InstalledDir: /cm/shared/sw/nix/store/i3n3fdm2hkrn8njaklii8ni1g9lp7imz-llvm-13.0.0/bin
Found candidate GCC installation: /cm/shared/sw/nix/store/hmphldjnv7440cwpv29ph5d5bp3lbxz5-gcc-11.2.0/lib/gcc/x86_64-pc-linux-gnu/11.2.0
Selected GCC installation: /cm/shared/sw/nix/store/hmphldjnv7440cwpv29ph5d5bp3lbxz5-gcc-11.2.0/lib/gcc/x86_64-pc-linux-gnu/11.2.0
Candidate multilib: .;@m64
Selected multilib: .;@m64
 (in-process)
 "/cm/shared/sw/nix/store/i3n3fdm2hkrn8njaklii8ni1g9lp7imz-llvm-13.0.0/bin/clang-13" -cc1 -triple x86_64-unknown-linux-gnu -emit-obj -mrelax-all --mrelax-relocations -disable-free -disable-llvm-verifier -discard-value-names -main-file-name CMakeCXXCompilerABI.cpp -mrelocation-model static -mframe-pointer=all -fmath-errno -fno-rounding-math -mconstructor-aliases -munwind-tables -target-cpu broadwell -debugger-tuning=gdb -v -fcoverage-compilation-dir=/mnt/home/nkavokine/ctseg_J/build/CMakeFiles/CMakeTmp -resource-dir /cm/shared/sw/nix/store/i3n3fdm2hkrn8njaklii8ni1g9lp7imz-llvm-13.0.0/lib/clang/13.0.0 -dependency-file CMakeFiles/cmTC_1cff1.dir/CMakeCXXCompilerABI.cpp.o.d -MT CMakeFiles/cmTC_1cff1.dir/CMakeCXXCompilerABI.cpp.o -sys-header-deps -I/cm/shared/sw/nix/store/hryq9drhdswvw0khbqaqk9p5k20vpzs3-intel-oneapi-mkl-2022.0.1/mkl/2022.0.1/include -I/cm/shared/sw/nix/store/clmmc53sav2i4hvg53q5866nd9nygc4b-python-3.9.9-view/include/python3.9 -c-isystem /cm/shared/sw/nix/store/i3n3fdm2hkrn8njaklii8ni1g9lp7imz-llvm-13.0.0/include -c-isystem /cm/shared/sw/nix/store/clmmc53sav2i4hvg53q5866nd9nygc4b-python-3.9.9-view/include -c-isystem /cm/shared/sw/nix/store/v92lzmn32qlq3l7hrah0rzkazpcr7m8k-boost-1.78.0/include -c-isystem /cm/shared/sw/nix/store/2nq01a1xf3r3lgjbgp8wp9xpx2y8hcj5-hdf5-1.10.8/include -c-isystem /cm/shared/sw/nix/store/wf2b4c91f1s7n4cysvk0bshfnywvasmv-nfft-3.5.2/include -c-isystem /cm/shared/sw/nix/store/avq18lr6jgg6fpikan0cdzaf61xzigkk-fftw-3.3.10/include -c-isystem /cm/shared/sw/nix/store/j4skrrvqyvk9bc2p7zqjd0qsfg4sg8nd-gmp-6.2.1/include -c-isystem /cm/shared/sw/nix/store/dvc90n2l1p8lz5an0d4lnk2ahca50hfm-openmpi-4.0.7/include -c-isystem /cm/shared/sw/nix/store/ddhcca3mhxdlqwm95fklqgv3ximkkwgz-flexiblas-3.0.4/include -c-isystem /cm/shared/sw/nix/store/aqkirva9k1vggmfcv7hy9rsy0kavh56m-gcc-10.3.0/include -c-isystem /cm/shared/apps/slurm/current/include -cxx-isystem /cm/shared/sw/nix/store/i3n3fdm2hkrn8njaklii8ni1g9lp7imz-llvm-13.0.0/include -cxx-isystem /cm/shared/sw/nix/store/clmmc53sav2i4hvg53q5866nd9nygc4b-python-3.9.9-view/include -cxx-isystem /cm/shared/sw/nix/store/v92lzmn32qlq3l7hrah0rzkazpcr7m8k-boost-1.78.0/include -cxx-isystem /cm/shared/sw/nix/store/2nq01a1xf3r3lgjbgp8wp9xpx2y8hcj5-hdf5-1.10.8/include -cxx-isystem /cm/shared/sw/nix/store/wf2b4c91f1s7n4cysvk0bshfnywvasmv-nfft-3.5.2/include -cxx-isystem /cm/shared/sw/nix/store/avq18lr6jgg6fpikan0cdzaf61xzigkk-fftw-3.3.10/include -cxx-isystem /cm/shared/sw/nix/store/j4skrrvqyvk9bc2p7zqjd0qsfg4sg8nd-gmp-6.2.1/include -cxx-isystem /cm/shared/sw/nix/store/dvc90n2l1p8lz5an0d4lnk2ahca50hfm-openmpi-4.0.7/include -cxx-isystem /cm/shared/sw/nix/store/ddhcca3mhxdlqwm95fklqgv3ximkkwgz-flexiblas-3.0.4/include -cxx-isystem /cm/shared/sw/nix/store/aqkirva9k1vggmfcv7hy9rsy0kavh56m-gcc-10.3.0/include -cxx-isystem /cm/shared/apps/slurm/current/include -internal-isystem /cm/shared/sw/nix/store/i3n3fdm2hkrn8njaklii8ni1g9lp7imz-llvm-13.0.0/bin/../include/c++/v1 -internal-isystem /cm/shared/sw/nix/store/i3n3fdm2hkrn8njaklii8ni1g9lp7imz-llvm-13.0.0/lib/clang/13.0.0/include -internal-isystem /usr/local/include -internal-isystem /cm/shared/sw/nix/store/hmphldjnv7440cwpv29ph5d5bp3lbxz5-gcc-11.2.0/lib/gcc/x86_64-pc-linux-gnu/11.2.0/../../../../x86_64-pc-linux-gnu/include -internal-externc-isystem /include -internal-externc-isystem /usr/include -Wno-register -fdeprecated-macro -fdebug-compilation-dir=/mnt/home/nkavokine/ctseg_J/build/CMakeFiles/CMakeTmp -ferror-limit 19 -fgnuc-version=4.2.1 -fcxx-exceptions -fexceptions -faddrsig -D__GCC_HAVE_DWARF2_CFI_ASM=1 -o CMakeFiles/cmTC_1cff1.dir/CMakeCXXCompilerABI.cpp.o -x c++ /cm/shared/sw/nix/store/aq0iiip5q7lf45g8ip4ijcsvd1zffwhn-cmake-3.22.1/share/cmake-3.22/Modules/CMakeCXXCompilerABI.cpp
clang -cc1 version 13.0.0 based upon LLVM 13.0.0 default target x86_64-unknown-linux-gnu
ignoring nonexistent directory "/cm/shared/sw/nix/store/hmphldjnv7440cwpv29ph5d5bp3lbxz5-gcc-11.2.0/lib/gcc/x86_64-pc-linux-gnu/11.2.0/../../../../x86_64-pc-linux-gnu/include"
ignoring nonexistent directory "/include"
#include "..." search starts here:
#include <...> search starts here:
 /cm/shared/sw/nix/store/hryq9drhdswvw0khbqaqk9p5k20vpzs3-intel-oneapi-mkl-2022.0.1/mkl/2022.0.1/include
 /cm/shared/sw/nix/store/clmmc53sav2i4hvg53q5866nd9nygc4b-python-3.9.9-view/include/python3.9
 /cm/shared/sw/nix/store/i3n3fdm2hkrn8njaklii8ni1g9lp7imz-llvm-13.0.0/include
 /cm/shared/sw/nix/store/clmmc53sav2i4hvg53q5866nd9nygc4b-python-3.9.9-view/include
 /cm/shared/sw/nix/store/v92lzmn32qlq3l7hrah0rzkazpcr7m8k-boost-1.78.0/include
 /cm/shared/sw/nix/store/2nq01a1xf3r3lgjbgp8wp9xpx2y8hcj5-hdf5-1.10.8/include
 /cm/shared/sw/nix/store/wf2b4c91f1s7n4cysvk0bshfnywvasmv-nfft-3.5.2/include
 /cm/shared/sw/nix/store/avq18lr6jgg6fpikan0cdzaf61xzigkk-fftw-3.3.10/include
 /cm/shared/sw/nix/store/j4skrrvqyvk9bc2p7zqjd0qsfg4sg8nd-gmp-6.2.1/include
 /cm/shared/sw/nix/store/dvc90n2l1p8lz5an0d4lnk2ahca50hfm-openmpi-4.0.7/include
 /cm/shared/sw/nix/store/ddhcca3mhxdlqwm95fklqgv3ximkkwgz-flexiblas-3.0.4/include
 /cm/shared/sw/nix/store/aqkirva9k1vggmfcv7hy9rsy0kavh56m-gcc-10.3.0/include
 /cm/shared/apps/slurm/current/include
 /cm/shared/sw/nix/store/i3n3fdm2hkrn8njaklii8ni1g9lp7imz-llvm-13.0.0/bin/../include/c++/v1
 /cm/shared/sw/nix/store/i3n3fdm2hkrn8njaklii8ni1g9lp7imz-llvm-13.0.0/lib/clang/13.0.0/include
 /usr/local/include
 /usr/include
End of search list.
Linking CXX executable cmTC_1cff1
/cm/shared/sw/nix/store/aq0iiip5q7lf45g8ip4ijcsvd1zffwhn-cmake-3.22.1/bin/cmake -E cmake_link_script CMakeFiles/cmTC_1cff1.dir/link.txt --verbose=1
/cm/shared/sw/nix/store/i3n3fdm2hkrn8njaklii8ni1g9lp7imz-llvm-13.0.0/bin/clang++ -stdlib=libc++ -Wno-register -march=broadwell   -v CMakeFiles/cmTC_1cff1.dir/CMakeCXXCompilerABI.cpp.o -o cmTC_1cff1 
clang version 13.0.0
Target: x86_64-unknown-linux-gnu
Thread model: posix
InstalledDir: /cm/shared/sw/nix/store/i3n3fdm2hkrn8njaklii8ni1g9lp7imz-llvm-13.0.0/bin
Found candidate GCC installation: /cm/shared/sw/nix/store/hmphldjnv7440cwpv29ph5d5bp3lbxz5-gcc-11.2.0/lib/gcc/x86_64-pc-linux-gnu/11.2.0
Selected GCC installation: /cm/shared/sw/nix/store/hmphldjnv7440cwpv29ph5d5bp3lbxz5-gcc-11.2.0/lib/gcc/x86_64-pc-linux-gnu/11.2.0
Candidate multilib: .;@m64
Selected multilib: .;@m64
 "/usr/bin/ld" --hash-style=gnu --eh-frame-hdr -m elf_x86_64 -dynamic-linker /lib64/ld-linux-x86-64.so.2 -o cmTC_1cff1 /lib/../lib64/crt1.o /lib/../lib64/crti.o /cm/shared/sw/nix/store/hmphldjnv7440cwpv29ph5d5bp3lbxz5-gcc-11.2.0/lib/gcc/x86_64-pc-linux-gnu/11.2.0/crtbegin.o -L/cm/shared/sw/nix/store/hmphldjnv7440cwpv29ph5d5bp3lbxz5-gcc-11.2.0/lib/gcc/x86_64-pc-linux-gnu/11.2.0 -L/cm/shared/sw/nix/store/hmphldjnv7440cwpv29ph5d5bp3lbxz5-gcc-11.2.0/lib/gcc/x86_64-pc-linux-gnu/11.2.0/../../../../lib64 -L/lib/../lib64 -L/usr/lib/../lib64 -L/cm/shared/sw/nix/store/i3n3fdm2hkrn8njaklii8ni1g9lp7imz-llvm-13.0.0/bin/../lib -L/lib -L/usr/lib -L/cm/shared/sw/nix/store/i3n3fdm2hkrn8njaklii8ni1g9lp7imz-llvm-13.0.0/lib -L/cm/shared/sw/nix/store/hryq9drhdswvw0khbqaqk9p5k20vpzs3-intel-oneapi-mkl-2022.0.1/mkl/2022.0.1/lib/intel64 -L/cm/shared/sw/nix/store/hryq9drhdswvw0khbqaqk9p5k20vpzs3-intel-oneapi-mkl-2022.0.1/lib -L/cm/shared/sw/nix/store/bcx7ls8qbd098qhkg9axnpdpsavb287l-py-mpi4py-3.1.2-view/lib -L/cm/shared/sw/nix/store/clmmc53sav2i4hvg53q5866nd9nygc4b-python-3.9.9-view/lib -L/cm/shared/sw/nix/store/v92lzmn32qlq3l7hrah0rzkazpcr7m8k-boost-1.78.0/lib64 -L/cm/shared/sw/nix/store/v92lzmn32qlq3l7hrah0rzkazpcr7m8k-boost-1.78.0/lib -L/cm/shared/sw/nix/store/2nq01a1xf3r3lgjbgp8wp9xpx2y8hcj5-hdf5-1.10.8/lib64 -L/cm/shared/sw/nix/store/2nq01a1xf3r3lgjbgp8wp9xpx2y8hcj5-hdf5-1.10.8/lib -L/cm/shared/sw/nix/store/wf2b4c91f1s7n4cysvk0bshfnywvasmv-nfft-3.5.2/lib -L/cm/shared/sw/nix/store/avq18lr6jgg6fpikan0cdzaf61xzigkk-fftw-3.3.10/lib64 -L/cm/shared/sw/nix/store/avq18lr6jgg6fpikan0cdzaf61xzigkk-fftw-3.3.10/lib -L/cm/shared/sw/nix/store/j4skrrvqyvk9bc2p7zqjd0qsfg4sg8nd-gmp-6.2.1/lib -L/cm/shared/sw/nix/store/dvc90n2l1p8lz5an0d4lnk2ahca50hfm-openmpi-4.0.7/lib -L/cm/shared/sw/nix/store/ddhcca3mhxdlqwm95fklqgv3ximkkwgz-flexiblas-3.0.4/lib64 -L/cm/shared/sw/nix/store/aqkirva9k1vggmfcv7hy9rsy0kavh56m-gcc-10.3.0/lib64 -L/cm/shared/sw/nix/store/aqkirva9k1vggmfcv7hy9rsy0kavh56m-gcc-10.3.0/lib -L/cm/shared/apps/slurm/current/lib64 CMakeFiles/cmTC_1cff1.dir/CMakeCXXCompilerABI.cpp.o -lc++ -lm -lgcc_s -lgcc -lc -lgcc_s -lgcc /cm/shared/sw/nix/store/hmphldjnv7440cwpv29ph5d5bp3lbxz5-gcc-11.2.0/lib/gcc/x86_64-pc-linux-gnu/11.2.0/crtend.o /lib/../lib64/crtn.o
gmake[1]: Leaving directory `/mnt/home/nkavokine/ctseg_J/build/CMakeFiles/CMakeTmp'



Parsed CXX implicit include dir info from above output: rv=done
  found start of include info
  found start of implicit include info
    add: [/cm/shared/sw/nix/store/hryq9drhdswvw0khbqaqk9p5k20vpzs3-intel-oneapi-mkl-2022.0.1/mkl/2022.0.1/include]
    add: [/cm/shared/sw/nix/store/clmmc53sav2i4hvg53q5866nd9nygc4b-python-3.9.9-view/include/python3.9]
    add: [/cm/shared/sw/nix/store/i3n3fdm2hkrn8njaklii8ni1g9lp7imz-llvm-13.0.0/include]
    add: [/cm/shared/sw/nix/store/clmmc53sav2i4hvg53q5866nd9nygc4b-python-3.9.9-view/include]
    add: [/cm/shared/sw/nix/store/v92lzmn32qlq3l7hrah0rzkazpcr7m8k-boost-1.78.0/include]
    add: [/cm/shared/sw/nix/store/2nq01a1xf3r3lgjbgp8wp9xpx2y8hcj5-hdf5-1.10.8/include]
    add: [/cm/shared/sw/nix/store/wf2b4c91f1s7n4cysvk0bshfnywvasmv-nfft-3.5.2/include]
    add: [/cm/shared/sw/nix/store/avq18lr6jgg6fpikan0cdzaf61xzigkk-fftw-3.3.10/include]
    add: [/cm/shared/sw/nix/store/j4skrrvqyvk9bc2p7zqjd0qsfg4sg8nd-gmp-6.2.1/include]
    add: [/cm/shared/sw/nix/store/dvc90n2l1p8lz5an0d4lnk2ahca50hfm-openmpi-4.0.7/include]
    add: [/cm/shared/sw/nix/store/ddhcca3mhxdlqwm95fklqgv3ximkkwgz-flexiblas-3.0.4/include]
    add: [/cm/shared/sw/nix/store/aqkirva9k1vggmfcv7hy9rsy0kavh56m-gcc-10.3.0/include]
    add: [/cm/shared/apps/slurm/current/include]
    add: [/cm/shared/sw/nix/store/i3n3fdm2hkrn8njaklii8ni1g9lp7imz-llvm-13.0.0/bin/../include/c++/v1]
    add: [/cm/shared/sw/nix/store/i3n3fdm2hkrn8njaklii8ni1g9lp7imz-llvm-13.0.0/lib/clang/13.0.0/include]
    add: [/usr/local/include]
    add: [/usr/include]
  end of search list found
  collapse include dir [/cm/shared/sw/nix/store/hryq9drhdswvw0khbqaqk9p5k20vpzs3-intel-oneapi-mkl-2022.0.1/mkl/2022.0.1/include] ==> [/cm/shared/sw/nix/store/hryq9drhdswvw0khbqaqk9p5k20vpzs3-intel-oneapi-mkl-2022.0.1/mkl/2022.0.1/include]
  collapse include dir [/cm/shared/sw/nix/store/clmmc53sav2i4hvg53q5866nd9nygc4b-python-3.9.9-view/include/python3.9] ==> [/cm/shared/sw/nix/store/clmmc53sav2i4hvg53q5866nd9nygc4b-python-3.9.9-view/include/python3.9]
  collapse include dir [/cm/shared/sw/nix/store/i3n3fdm2hkrn8njaklii8ni1g9lp7imz-llvm-13.0.0/include] ==> [/cm/shared/sw/nix/store/i3n3fdm2hkrn8njaklii8ni1g9lp7imz-llvm-13.0.0/include]
  collapse include dir [/cm/shared/sw/nix/store/clmmc53sav2i4hvg53q5866nd9nygc4b-python-3.9.9-view/include] ==> [/cm/shared/sw/nix/store/clmmc53sav2i4hvg53q5866nd9nygc4b-python-3.9.9-view/include]
  collapse include dir [/cm/shared/sw/nix/store/v92lzmn32qlq3l7hrah0rzkazpcr7m8k-boost-1.78.0/include] ==> [/cm/shared/sw/nix/store/v92lzmn32qlq3l7hrah0rzkazpcr7m8k-boost-1.78.0/include]
  collapse include dir [/cm/shared/sw/nix/store/2nq01a1xf3r3lgjbgp8wp9xpx2y8hcj5-hdf5-1.10.8/include] ==> [/cm/shared/sw/nix/store/2nq01a1xf3r3lgjbgp8wp9xpx2y8hcj5-hdf5-1.10.8/include]
  collapse include dir [/cm/shared/sw/nix/store/wf2b4c91f1s7n4cysvk0bshfnywvasmv-nfft-3.5.2/include] ==> [/cm/shared/sw/nix/store/wf2b4c91f1s7n4cysvk0bshfnywvasmv-nfft-3.5.2/include]
  collapse include dir [/cm/shared/sw/nix/store/avq18lr6jgg6fpikan0cdzaf61xzigkk-fftw-3.3.10/include] ==> [/cm/shared/sw/nix/store/avq18lr6jgg6fpikan0cdzaf61xzigkk-fftw-3.3.10/include]
  collapse include dir [/cm/shared/sw/nix/store/j4skrrvqyvk9bc2p7zqjd0qsfg4sg8nd-gmp-6.2.1/include] ==> [/cm/shared/sw/nix/store/j4skrrvqyvk9bc2p7zqjd0qsfg4sg8nd-gmp-6.2.1/include]
  collapse include dir [/cm/shared/sw/nix/store/dvc90n2l1p8lz5an0d4lnk2ahca50hfm-openmpi-4.0.7/include] ==> [/cm/shared/sw/nix/store/dvc90n2l1p8lz5an0d4lnk2ahca50hfm-openmpi-4.0.7/include]
  collapse include dir [/cm/shared/sw/nix/store/ddhcca3mhxdlqwm95fklqgv3ximkkwgz-flexiblas-3.0.4/include] ==> [/cm/shared/sw/nix/store/ddhcca3mhxdlqwm95fklqgv3ximkkwgz-flexiblas-3.0.4/include]
  collapse include dir [/cm/shared/sw/nix/store/aqkirva9k1vggmfcv7hy9rsy0kavh56m-gcc-10.3.0/include] ==> [/cm/shared/sw/nix/store/aqkirva9k1vggmfcv7hy9rsy0kavh56m-gcc-10.3.0/include]
  collapse include dir [/cm/shared/apps/slurm/current/include] ==> [/cm/shared/apps/slurm/current/include]
  collapse include dir [/cm/shared/sw/nix/store/i3n3fdm2hkrn8njaklii8ni1g9lp7imz-llvm-13.0.0/bin/../include/c++/v1] ==> [/cm/shared/sw/nix/store/i3n3fdm2hkrn8njaklii8ni1g9lp7imz-llvm-13.0.0/include/c++/v1]
  collapse include dir [/cm/shared/sw/nix/store/i3n3fdm2hkrn8njaklii8ni1g9lp7imz-llvm-13.0.0/lib/clang/13.0.0/include] ==> [/cm/shared/sw/nix/store/i3n3fdm2hkrn8njaklii8ni1g9lp7imz-llvm-13.0.0/lib/clang/13.0.0/include]
  collapse include dir [/usr/local/include] ==> [/usr/local/include]
  collapse include dir [/usr/include] ==> [/usr/include]
  implicit include dirs: [/cm/shared/sw/nix/store/hryq9drhdswvw0khbqaqk9p5k20vpzs3-intel-oneapi-mkl-2022.0.1/mkl/2022.0.1/include;/cm/shared/sw/nix/store/clmmc53sav2i4hvg53q5866nd9nygc4b-python-3.9.9-view/include/python3.9;/cm/shared/sw/nix/store/i3n3fdm2hkrn8njaklii8ni1g9lp7imz-llvm-13.0.0/include;/cm/shared/sw/nix/store/clmmc53sav2i4hvg53q5866nd9nygc4b-python-3.9.9-view/include;/cm/shared/sw/nix/store/v92lzmn32qlq3l7hrah0rzkazpcr7m8k-boost-1.78.0/include;/cm/shared/sw/nix/store/2nq01a1xf3r3lgjbgp8wp9xpx2y8hcj5-hdf5-1.10.8/include;/cm/shared/sw/nix/store/wf2b4c91f1s7n4cysvk0bshfnywvasmv-nfft-3.5.2/include;/cm/shared/sw/nix/store/avq18lr6jgg6fpikan0cdzaf61xzigkk-fftw-3.3.10/include;/cm/shared/sw/nix/store/j4skrrvqyvk9bc2p7zqjd0qsfg4sg8nd-gmp-6.2.1/include;/cm/shared/sw/nix/store/dvc90n2l1p8lz5an0d4lnk2ahca50hfm-openmpi-4.0.7/include;/cm/shared/sw/nix/store/ddhcca3mhxdlqwm95fklqgv3ximkkwgz-flexiblas-3.0.4/include;/cm/shared/sw/nix/store/aqkirva9k1vggmfcv7hy9rsy0kavh56m-gcc-10.3.0/include;/cm/shared/apps/slurm/current/include;/cm/shared/sw/nix/store/i3n3fdm2hkrn8njaklii8ni1g9lp7imz-llvm-13.0.0/include/c++/v1;/cm/shared/sw/nix/store/i3n3fdm2hkrn8njaklii8ni1g9lp7imz-llvm-13.0.0/lib/clang/13.0.0/include;/usr/local/include;/usr/include]


Parsed CXX implicit link information from above output:
  link line regex: [^( *|.*[/\])(ld\.lld|CMAKE_LINK_STARTFILE-NOTFOUND|([^/\]+-)?ld|collect2)[^/\]*( |$)]
  ignore line: [Change Dir: /mnt/home/nkavokine/ctseg_J/build/CMakeFiles/CMakeTmp]
  ignore line: []
  ignore line: [Run Build Command(s):/usr/bin/gmake -f Makefile cmTC_1cff1/fast && /usr/bin/gmake  -f CMakeFiles/cmTC_1cff1.dir/build.make CMakeFiles/cmTC_1cff1.dir/build]
  ignore line: [gmake[1]: Entering directory `/mnt/home/nkavokine/ctseg_J/build/CMakeFiles/CMakeTmp']
  ignore line: [Building CXX object CMakeFiles/cmTC_1cff1.dir/CMakeCXXCompilerABI.cpp.o]
  ignore line: [/cm/shared/sw/nix/store/i3n3fdm2hkrn8njaklii8ni1g9lp7imz-llvm-13.0.0/bin/clang++   -stdlib=libc++ -Wno-register -march=broadwell    -v -MD -MT CMakeFiles/cmTC_1cff1.dir/CMakeCXXCompilerABI.cpp.o -MF CMakeFiles/cmTC_1cff1.dir/CMakeCXXCompilerABI.cpp.o.d -o CMakeFiles/cmTC_1cff1.dir/CMakeCXXCompilerABI.cpp.o -c /cm/shared/sw/nix/store/aq0iiip5q7lf45g8ip4ijcsvd1zffwhn-cmake-3.22.1/share/cmake-3.22/Modules/CMakeCXXCompilerABI.cpp]
  ignore line: [clang version 13.0.0]
  ignore line: [Target: x86_64-unknown-linux-gnu]
  ignore line: [Thread model: posix]
  ignore line: [InstalledDir: /cm/shared/sw/nix/store/i3n3fdm2hkrn8njaklii8ni1g9lp7imz-llvm-13.0.0/bin]
  ignore line: [Found candidate GCC installation: /cm/shared/sw/nix/store/hmphldjnv7440cwpv29ph5d5bp3lbxz5-gcc-11.2.0/lib/gcc/x86_64-pc-linux-gnu/11.2.0]
  ignore line: [Selected GCC installation: /cm/shared/sw/nix/store/hmphldjnv7440cwpv29ph5d5bp3lbxz5-gcc-11.2.0/lib/gcc/x86_64-pc-linux-gnu/11.2.0]
  ignore line: [Candidate multilib: .]
  ignore line: [@m64]
  ignore line: [Selected multilib: .]
  ignore line: [@m64]
  ignore line: [ (in-process)]
  ignore line: [ "/cm/shared/sw/nix/store/i3n3fdm2hkrn8njaklii8ni1g9lp7imz-llvm-13.0.0/bin/clang-13" -cc1 -triple x86_64-unknown-linux-gnu -emit-obj -mrelax-all --mrelax-relocations -disable-free -disable-llvm-verifier -discard-value-names -main-file-name CMakeCXXCompilerABI.cpp -mrelocation-model static -mframe-pointer=all -fmath-errno -fno-rounding-math -mconstructor-aliases -munwind-tables -target-cpu broadwell -debugger-tuning=gdb -v -fcoverage-compilation-dir=/mnt/home/nkavokine/ctseg_J/build/CMakeFiles/CMakeTmp -resource-dir /cm/shared/sw/nix/store/i3n3fdm2hkrn8njaklii8ni1g9lp7imz-llvm-13.0.0/lib/clang/13.0.0 -dependency-file CMakeFiles/cmTC_1cff1.dir/CMakeCXXCompilerABI.cpp.o.d -MT CMakeFiles/cmTC_1cff1.dir/CMakeCXXCompilerABI.cpp.o -sys-header-deps -I/cm/shared/sw/nix/store/hryq9drhdswvw0khbqaqk9p5k20vpzs3-intel-oneapi-mkl-2022.0.1/mkl/2022.0.1/include -I/cm/shared/sw/nix/store/clmmc53sav2i4hvg53q5866nd9nygc4b-python-3.9.9-view/include/python3.9 -c-isystem /cm/shared/sw/nix/store/i3n3fdm2hkrn8njaklii8ni1g9lp7imz-llvm-13.0.0/include -c-isystem /cm/shared/sw/nix/store/clmmc53sav2i4hvg53q5866nd9nygc4b-python-3.9.9-view/include -c-isystem /cm/shared/sw/nix/store/v92lzmn32qlq3l7hrah0rzkazpcr7m8k-boost-1.78.0/include -c-isystem /cm/shared/sw/nix/store/2nq01a1xf3r3lgjbgp8wp9xpx2y8hcj5-hdf5-1.10.8/include -c-isystem /cm/shared/sw/nix/store/wf2b4c91f1s7n4cysvk0bshfnywvasmv-nfft-3.5.2/include -c-isystem /cm/shared/sw/nix/store/avq18lr6jgg6fpikan0cdzaf61xzigkk-fftw-3.3.10/include -c-isystem /cm/shared/sw/nix/store/j4skrrvqyvk9bc2p7zqjd0qsfg4sg8nd-gmp-6.2.1/include -c-isystem /cm/shared/sw/nix/store/dvc90n2l1p8lz5an0d4lnk2ahca50hfm-openmpi-4.0.7/include -c-isystem /cm/shared/sw/nix/store/ddhcca3mhxdlqwm95fklqgv3ximkkwgz-flexiblas-3.0.4/include -c-isystem /cm/shared/sw/nix/store/aqkirva9k1vggmfcv7hy9rsy0kavh56m-gcc-10.3.0/include -c-isystem /cm/shared/apps/slurm/current/include -cxx-isystem /cm/shared/sw/nix/store/i3n3fdm2hkrn8njaklii8ni1g9lp7imz-llvm-13.0.0/include -cxx-isystem /cm/shared/sw/nix/store/clmmc53sav2i4hvg53q5866nd9nygc4b-python-3.9.9-view/include -cxx-isystem /cm/shared/sw/nix/store/v92lzmn32qlq3l7hrah0rzkazpcr7m8k-boost-1.78.0/include -cxx-isystem /cm/shared/sw/nix/store/2nq01a1xf3r3lgjbgp8wp9xpx2y8hcj5-hdf5-1.10.8/include -cxx-isystem /cm/shared/sw/nix/store/wf2b4c91f1s7n4cysvk0bshfnywvasmv-nfft-3.5.2/include -cxx-isystem /cm/shared/sw/nix/store/avq18lr6jgg6fpikan0cdzaf61xzigkk-fftw-3.3.10/include -cxx-isystem /cm/shared/sw/nix/store/j4skrrvqyvk9bc2p7zqjd0qsfg4sg8nd-gmp-6.2.1/include -cxx-isystem /cm/shared/sw/nix/store/dvc90n2l1p8lz5an0d4lnk2ahca50hfm-openmpi-4.0.7/include -cxx-isystem /cm/shared/sw/nix/store/ddhcca3mhxdlqwm95fklqgv3ximkkwgz-flexiblas-3.0.4/include -cxx-isystem /cm/shared/sw/nix/store/aqkirva9k1vggmfcv7hy9rsy0kavh56m-gcc-10.3.0/include -cxx-isystem /cm/shared/apps/slurm/current/include -internal-isystem /cm/shared/sw/nix/store/i3n3fdm2hkrn8njaklii8ni1g9lp7imz-llvm-13.0.0/bin/../include/c++/v1 -internal-isystem /cm/shared/sw/nix/store/i3n3fdm2hkrn8njaklii8ni1g9lp7imz-llvm-13.0.0/lib/clang/13.0.0/include -internal-isystem /usr/local/include -internal-isystem /cm/shared/sw/nix/store/hmphldjnv7440cwpv29ph5d5bp3lbxz5-gcc-11.2.0/lib/gcc/x86_64-pc-linux-gnu/11.2.0/../../../../x86_64-pc-linux-gnu/include -internal-externc-isystem /include -internal-externc-isystem /usr/include -Wno-register -fdeprecated-macro -fdebug-compilation-dir=/mnt/home/nkavokine/ctseg_J/build/CMakeFiles/CMakeTmp -ferror-limit 19 -fgnuc-version=4.2.1 -fcxx-exceptions -fexceptions -faddrsig -D__GCC_HAVE_DWARF2_CFI_ASM=1 -o CMakeFiles/cmTC_1cff1.dir/CMakeCXXCompilerABI.cpp.o -x c++ /cm/shared/sw/nix/store/aq0iiip5q7lf45g8ip4ijcsvd1zffwhn-cmake-3.22.1/share/cmake-3.22/Modules/CMakeCXXCompilerABI.cpp]
  ignore line: [clang -cc1 version 13.0.0 based upon LLVM 13.0.0 default target x86_64-unknown-linux-gnu]
  ignore line: [ignoring nonexistent directory "/cm/shared/sw/nix/store/hmphldjnv7440cwpv29ph5d5bp3lbxz5-gcc-11.2.0/lib/gcc/x86_64-pc-linux-gnu/11.2.0/../../../../x86_64-pc-linux-gnu/include"]
  ignore line: [ignoring nonexistent directory "/include"]
  ignore line: [#include "..." search starts here:]
  ignore line: [#include <...> search starts here:]
  ignore line: [ /cm/shared/sw/nix/store/hryq9drhdswvw0khbqaqk9p5k20vpzs3-intel-oneapi-mkl-2022.0.1/mkl/2022.0.1/include]
  ignore line: [ /cm/shared/sw/nix/store/clmmc53sav2i4hvg53q5866nd9nygc4b-python-3.9.9-view/include/python3.9]
  ignore line: [ /cm/shared/sw/nix/store/i3n3fdm2hkrn8njaklii8ni1g9lp7imz-llvm-13.0.0/include]
  ignore line: [ /cm/shared/sw/nix/store/clmmc53sav2i4hvg53q5866nd9nygc4b-python-3.9.9-view/include]
  ignore line: [ /cm/shared/sw/nix/store/v92lzmn32qlq3l7hrah0rzkazpcr7m8k-boost-1.78.0/include]
  ignore line: [ /cm/shared/sw/nix/store/2nq01a1xf3r3lgjbgp8wp9xpx2y8hcj5-hdf5-1.10.8/include]
  ignore line: [ /cm/shared/sw/nix/store/wf2b4c91f1s7n4cysvk0bshfnywvasmv-nfft-3.5.2/include]
  ignore line: [ /cm/shared/sw/nix/store/avq18lr6jgg6fpikan0cdzaf61xzigkk-fftw-3.3.10/include]
  ignore line: [ /cm/shared/sw/nix/store/j4skrrvqyvk9bc2p7zqjd0qsfg4sg8nd-gmp-6.2.1/include]
  ignore line: [ /cm/shared/sw/nix/store/dvc90n2l1p8lz5an0d4lnk2ahca50hfm-openmpi-4.0.7/include]
  ignore line: [ /cm/shared/sw/nix/store/ddhcca3mhxdlqwm95fklqgv3ximkkwgz-flexiblas-3.0.4/include]
  ignore line: [ /cm/shared/sw/nix/store/aqkirva9k1vggmfcv7hy9rsy0kavh56m-gcc-10.3.0/include]
  ignore line: [ /cm/shared/apps/slurm/current/include]
  ignore line: [ /cm/shared/sw/nix/store/i3n3fdm2hkrn8njaklii8ni1g9lp7imz-llvm-13.0.0/bin/../include/c++/v1]
  ignore line: [ /cm/shared/sw/nix/store/i3n3fdm2hkrn8njaklii8ni1g9lp7imz-llvm-13.0.0/lib/clang/13.0.0/include]
  ignore line: [ /usr/local/include]
  ignore line: [ /usr/include]
  ignore line: [End of search list.]
  ignore line: [Linking CXX executable cmTC_1cff1]
  ignore line: [/cm/shared/sw/nix/store/aq0iiip5q7lf45g8ip4ijcsvd1zffwhn-cmake-3.22.1/bin/cmake -E cmake_link_script CMakeFiles/cmTC_1cff1.dir/link.txt --verbose=1]
  ignore line: [/cm/shared/sw/nix/store/i3n3fdm2hkrn8njaklii8ni1g9lp7imz-llvm-13.0.0/bin/clang++ -stdlib=libc++ -Wno-register -march=broadwell   -v CMakeFiles/cmTC_1cff1.dir/CMakeCXXCompilerABI.cpp.o -o cmTC_1cff1 ]
  ignore line: [clang version 13.0.0]
  ignore line: [Target: x86_64-unknown-linux-gnu]
  ignore line: [Thread model: posix]
  ignore line: [InstalledDir: /cm/shared/sw/nix/store/i3n3fdm2hkrn8njaklii8ni1g9lp7imz-llvm-13.0.0/bin]
  ignore line: [Found candidate GCC installation: /cm/shared/sw/nix/store/hmphldjnv7440cwpv29ph5d5bp3lbxz5-gcc-11.2.0/lib/gcc/x86_64-pc-linux-gnu/11.2.0]
  ignore line: [Selected GCC installation: /cm/shared/sw/nix/store/hmphldjnv7440cwpv29ph5d5bp3lbxz5-gcc-11.2.0/lib/gcc/x86_64-pc-linux-gnu/11.2.0]
  ignore line: [Candidate multilib: .]
  ignore line: [@m64]
  ignore line: [Selected multilib: .]
  ignore line: [@m64]
  link line: [ "/usr/bin/ld" --hash-style=gnu --eh-frame-hdr -m elf_x86_64 -dynamic-linker /lib64/ld-linux-x86-64.so.2 -o cmTC_1cff1 /lib/../lib64/crt1.o /lib/../lib64/crti.o /cm/shared/sw/nix/store/hmphldjnv7440cwpv29ph5d5bp3lbxz5-gcc-11.2.0/lib/gcc/x86_64-pc-linux-gnu/11.2.0/crtbegin.o -L/cm/shared/sw/nix/store/hmphldjnv7440cwpv29ph5d5bp3lbxz5-gcc-11.2.0/lib/gcc/x86_64-pc-linux-gnu/11.2.0 -L/cm/shared/sw/nix/store/hmphldjnv7440cwpv29ph5d5bp3lbxz5-gcc-11.2.0/lib/gcc/x86_64-pc-linux-gnu/11.2.0/../../../../lib64 -L/lib/../lib64 -L/usr/lib/../lib64 -L/cm/shared/sw/nix/store/i3n3fdm2hkrn8njaklii8ni1g9lp7imz-llvm-13.0.0/bin/../lib -L/lib -L/usr/lib -L/cm/shared/sw/nix/store/i3n3fdm2hkrn8njaklii8ni1g9lp7imz-llvm-13.0.0/lib -L/cm/shared/sw/nix/store/hryq9drhdswvw0khbqaqk9p5k20vpzs3-intel-oneapi-mkl-2022.0.1/mkl/2022.0.1/lib/intel64 -L/cm/shared/sw/nix/store/hryq9drhdswvw0khbqaqk9p5k20vpzs3-intel-oneapi-mkl-2022.0.1/lib -L/cm/shared/sw/nix/store/bcx7ls8qbd098qhkg9axnpdpsavb287l-py-mpi4py-3.1.2-view/lib -L/cm/shared/sw/nix/store/clmmc53sav2i4hvg53q5866nd9nygc4b-python-3.9.9-view/lib -L/cm/shared/sw/nix/store/v92lzmn32qlq3l7hrah0rzkazpcr7m8k-boost-1.78.0/lib64 -L/cm/shared/sw/nix/store/v92lzmn32qlq3l7hrah0rzkazpcr7m8k-boost-1.78.0/lib -L/cm/shared/sw/nix/store/2nq01a1xf3r3lgjbgp8wp9xpx2y8hcj5-hdf5-1.10.8/lib64 -L/cm/shared/sw/nix/store/2nq01a1xf3r3lgjbgp8wp9xpx2y8hcj5-hdf5-1.10.8/lib -L/cm/shared/sw/nix/store/wf2b4c91f1s7n4cysvk0bshfnywvasmv-nfft-3.5.2/lib -L/cm/shared/sw/nix/store/avq18lr6jgg6fpikan0cdzaf61xzigkk-fftw-3.3.10/lib64 -L/cm/shared/sw/nix/store/avq18lr6jgg6fpikan0cdzaf61xzigkk-fftw-3.3.10/lib -L/cm/shared/sw/nix/store/j4skrrvqyvk9bc2p7zqjd0qsfg4sg8nd-gmp-6.2.1/lib -L/cm/shared/sw/nix/store/dvc90n2l1p8lz5an0d4lnk2ahca50hfm-openmpi-4.0.7/lib -L/cm/shared/sw/nix/store/ddhcca3mhxdlqwm95fklqgv3ximkkwgz-flexiblas-3.0.4/lib64 -L/cm/shared/sw/nix/store/aqkirva9k1vggmfcv7hy9rsy0kavh56m-gcc-10.3.0/lib64 -L/cm/shared/sw/nix/store/aqkirva9k1vggmfcv7hy9rsy0kavh56m-gcc-10.3.0/lib -L/cm/shared/apps/slurm/current/lib64 CMakeFiles/cmTC_1cff1.dir/CMakeCXXCompilerABI.cpp.o -lc++ -lm -lgcc_s -lgcc -lc -lgcc_s -lgcc /cm/shared/sw/nix/store/hmphldjnv7440cwpv29ph5d5bp3lbxz5-gcc-11.2.0/lib/gcc/x86_64-pc-linux-gnu/11.2.0/crtend.o /lib/../lib64/crtn.o]
    arg [/usr/bin/ld] ==> ignore
    arg [--hash-style=gnu] ==> ignore
    arg [--eh-frame-hdr] ==> ignore
    arg [-m] ==> ignore
    arg [elf_x86_64] ==> ignore
    arg [-dynamic-linker] ==> ignore
    arg [/lib64/ld-linux-x86-64.so.2] ==> ignore
    arg [-o] ==> ignore
    arg [cmTC_1cff1] ==> ignore
    arg [/lib/../lib64/crt1.o] ==> obj [/lib/../lib64/crt1.o]
    arg [/lib/../lib64/crti.o] ==> obj [/lib/../lib64/crti.o]
    arg [/cm/shared/sw/nix/store/hmphldjnv7440cwpv29ph5d5bp3lbxz5-gcc-11.2.0/lib/gcc/x86_64-pc-linux-gnu/11.2.0/crtbegin.o] ==> obj [/cm/shared/sw/nix/store/hmphldjnv7440cwpv29ph5d5bp3lbxz5-gcc-11.2.0/lib/gcc/x86_64-pc-linux-gnu/11.2.0/crtbegin.o]
    arg [-L/cm/shared/sw/nix/store/hmphldjnv7440cwpv29ph5d5bp3lbxz5-gcc-11.2.0/lib/gcc/x86_64-pc-linux-gnu/11.2.0] ==> dir [/cm/shared/sw/nix/store/hmphldjnv7440cwpv29ph5d5bp3lbxz5-gcc-11.2.0/lib/gcc/x86_64-pc-linux-gnu/11.2.0]
    arg [-L/cm/shared/sw/nix/store/hmphldjnv7440cwpv29ph5d5bp3lbxz5-gcc-11.2.0/lib/gcc/x86_64-pc-linux-gnu/11.2.0/../../../../lib64] ==> dir [/cm/shared/sw/nix/store/hmphldjnv7440cwpv29ph5d5bp3lbxz5-gcc-11.2.0/lib/gcc/x86_64-pc-linux-gnu/11.2.0/../../../../lib64]
    arg [-L/lib/../lib64] ==> dir [/lib/../lib64]
    arg [-L/usr/lib/../lib64] ==> dir [/usr/lib/../lib64]
    arg [-L/cm/shared/sw/nix/store/i3n3fdm2hkrn8njaklii8ni1g9lp7imz-llvm-13.0.0/bin/../lib] ==> dir [/cm/shared/sw/nix/store/i3n3fdm2hkrn8njaklii8ni1g9lp7imz-llvm-13.0.0/bin/../lib]
    arg [-L/lib] ==> dir [/lib]
    arg [-L/usr/lib] ==> dir [/usr/lib]
    arg [-L/cm/shared/sw/nix/store/i3n3fdm2hkrn8njaklii8ni1g9lp7imz-llvm-13.0.0/lib] ==> dir [/cm/shared/sw/nix/store/i3n3fdm2hkrn8njaklii8ni1g9lp7imz-llvm-13.0.0/lib]
    arg [-L/cm/shared/sw/nix/store/hryq9drhdswvw0khbqaqk9p5k20vpzs3-intel-oneapi-mkl-2022.0.1/mkl/2022.0.1/lib/intel64] ==> dir [/cm/shared/sw/nix/store/hryq9drhdswvw0khbqaqk9p5k20vpzs3-intel-oneapi-mkl-2022.0.1/mkl/2022.0.1/lib/intel64]
    arg [-L/cm/shared/sw/nix/store/hryq9drhdswvw0khbqaqk9p5k20vpzs3-intel-oneapi-mkl-2022.0.1/lib] ==> dir [/cm/shared/sw/nix/store/hryq9drhdswvw0khbqaqk9p5k20vpzs3-intel-oneapi-mkl-2022.0.1/lib]
    arg [-L/cm/shared/sw/nix/store/bcx7ls8qbd098qhkg9axnpdpsavb287l-py-mpi4py-3.1.2-view/lib] ==> dir [/cm/shared/sw/nix/store/bcx7ls8qbd098qhkg9axnpdpsavb287l-py-mpi4py-3.1.2-view/lib]
    arg [-L/cm/shared/sw/nix/store/clmmc53sav2i4hvg53q5866nd9nygc4b-python-3.9.9-view/lib] ==> dir [/cm/shared/sw/nix/store/clmmc53sav2i4hvg53q5866nd9nygc4b-python-3.9.9-view/lib]
    arg [-L/cm/shared/sw/nix/store/v92lzmn32qlq3l7hrah0rzkazpcr7m8k-boost-1.78.0/lib64] ==> dir [/cm/shared/sw/nix/store/v92lzmn32qlq3l7hrah0rzkazpcr7m8k-boost-1.78.0/lib64]
    arg [-L/cm/shared/sw/nix/store/v92lzmn32qlq3l7hrah0rzkazpcr7m8k-boost-1.78.0/lib] ==> dir [/cm/shared/sw/nix/store/v92lzmn32qlq3l7hrah0rzkazpcr7m8k-boost-1.78.0/lib]
    arg [-L/cm/shared/sw/nix/store/2nq01a1xf3r3lgjbgp8wp9xpx2y8hcj5-hdf5-1.10.8/lib64] ==> dir [/cm/shared/sw/nix/store/2nq01a1xf3r3lgjbgp8wp9xpx2y8hcj5-hdf5-1.10.8/lib64]
    arg [-L/cm/shared/sw/nix/store/2nq01a1xf3r3lgjbgp8wp9xpx2y8hcj5-hdf5-1.10.8/lib] ==> dir [/cm/shared/sw/nix/store/2nq01a1xf3r3lgjbgp8wp9xpx2y8hcj5-hdf5-1.10.8/lib]
    arg [-L/cm/shared/sw/nix/store/wf2b4c91f1s7n4cysvk0bshfnywvasmv-nfft-3.5.2/lib] ==> dir [/cm/shared/sw/nix/store/wf2b4c91f1s7n4cysvk0bshfnywvasmv-nfft-3.5.2/lib]
    arg [-L/cm/shared/sw/nix/store/avq18lr6jgg6fpikan0cdzaf61xzigkk-fftw-3.3.10/lib64] ==> dir [/cm/shared/sw/nix/store/avq18lr6jgg6fpikan0cdzaf61xzigkk-fftw-3.3.10/lib64]
    arg [-L/cm/shared/sw/nix/store/avq18lr6jgg6fpikan0cdzaf61xzigkk-fftw-3.3.10/lib] ==> dir [/cm/shared/sw/nix/store/avq18lr6jgg6fpikan0cdzaf61xzigkk-fftw-3.3.10/lib]
    arg [-L/cm/shared/sw/nix/store/j4skrrvqyvk9bc2p7zqjd0qsfg4sg8nd-gmp-6.2.1/lib] ==> dir [/cm/shared/sw/nix/store/j4skrrvqyvk9bc2p7zqjd0qsfg4sg8nd-gmp-6.2.1/lib]
    arg [-L/cm/shared/sw/nix/store/dvc90n2l1p8lz5an0d4lnk2ahca50hfm-openmpi-4.0.7/lib] ==> dir [/cm/shared/sw/nix/store/dvc90n2l1p8lz5an0d4lnk2ahca50hfm-openmpi-4.0.7/lib]
    arg [-L/cm/shared/sw/nix/store/ddhcca3mhxdlqwm95fklqgv3ximkkwgz-flexiblas-3.0.4/lib64] ==> dir [/cm/shared/sw/nix/store/ddhcca3mhxdlqwm95fklqgv3ximkkwgz-flexiblas-3.0.4/lib64]
    arg [-L/cm/shared/sw/nix/store/aqkirva9k1vggmfcv7hy9rsy0kavh56m-gcc-10.3.0/lib64] ==> dir [/cm/shared/sw/nix/store/aqkirva9k1vggmfcv7hy9rsy0kavh56m-gcc-10.3.0/lib64]
    arg [-L/cm/shared/sw/nix/store/aqkirva9k1vggmfcv7hy9rsy0kavh56m-gcc-10.3.0/lib] ==> dir [/cm/shared/sw/nix/store/aqkirva9k1vggmfcv7hy9rsy0kavh56m-gcc-10.3.0/lib]
    arg [-L/cm/shared/apps/slurm/current/lib64] ==> dir [/cm/shared/apps/slurm/current/lib64]
    arg [CMakeFiles/cmTC_1cff1.dir/CMakeCXXCompilerABI.cpp.o] ==> ignore
    arg [-lc++] ==> lib [c++]
    arg [-lm] ==> lib [m]
    arg [-lgcc_s] ==> lib [gcc_s]
    arg [-lgcc] ==> lib [gcc]
    arg [-lc] ==> lib [c]
    arg [-lgcc_s] ==> lib [gcc_s]
    arg [-lgcc] ==> lib [gcc]
    arg [/cm/shared/sw/nix/store/hmphldjnv7440cwpv29ph5d5bp3lbxz5-gcc-11.2.0/lib/gcc/x86_64-pc-linux-gnu/11.2.0/crtend.o] ==> obj [/cm/shared/sw/nix/store/hmphldjnv7440cwpv29ph5d5bp3lbxz5-gcc-11.2.0/lib/gcc/x86_64-pc-linux-gnu/11.2.0/crtend.o]
    arg [/lib/../lib64/crtn.o] ==> obj [/lib/../lib64/crtn.o]
  collapse obj [/lib/../lib64/crt1.o] ==> [/lib64/crt1.o]
  collapse obj [/lib/../lib64/crti.o] ==> [/lib64/crti.o]
  collapse obj [/lib/../lib64/crtn.o] ==> [/lib64/crtn.o]
  collapse library dir [/cm/shared/sw/nix/store/hmphldjnv7440cwpv29ph5d5bp3lbxz5-gcc-11.2.0/lib/gcc/x86_64-pc-linux-gnu/11.2.0] ==> [/cm/shared/sw/nix/store/hmphldjnv7440cwpv29ph5d5bp3lbxz5-gcc-11.2.0/lib/gcc/x86_64-pc-linux-gnu/11.2.0]
  collapse library dir [/cm/shared/sw/nix/store/hmphldjnv7440cwpv29ph5d5bp3lbxz5-gcc-11.2.0/lib/gcc/x86_64-pc-linux-gnu/11.2.0/../../../../lib64] ==> [/cm/shared/sw/nix/store/hmphldjnv7440cwpv29ph5d5bp3lbxz5-gcc-11.2.0/lib64]
  collapse library dir [/lib/../lib64] ==> [/lib64]
  collapse library dir [/usr/lib/../lib64] ==> [/usr/lib64]
  collapse library dir [/cm/shared/sw/nix/store/i3n3fdm2hkrn8njaklii8ni1g9lp7imz-llvm-13.0.0/bin/../lib] ==> [/cm/shared/sw/nix/store/i3n3fdm2hkrn8njaklii8ni1g9lp7imz-llvm-13.0.0/lib]
  collapse library dir [/lib] ==> [/lib]
  collapse library dir [/usr/lib] ==> [/usr/lib]
  collapse library dir [/cm/shared/sw/nix/store/i3n3fdm2hkrn8njaklii8ni1g9lp7imz-llvm-13.0.0/lib] ==> [/cm/shared/sw/nix/store/i3n3fdm2hkrn8njaklii8ni1g9lp7imz-llvm-13.0.0/lib]
  collapse library dir [/cm/shared/sw/nix/store/hryq9drhdswvw0khbqaqk9p5k20vpzs3-intel-oneapi-mkl-2022.0.1/mkl/2022.0.1/lib/intel64] ==> [/cm/shared/sw/nix/store/hryq9drhdswvw0khbqaqk9p5k20vpzs3-intel-oneapi-mkl-2022.0.1/mkl/2022.0.1/lib/intel64]
  collapse library dir [/cm/shared/sw/nix/store/hryq9drhdswvw0khbqaqk9p5k20vpzs3-intel-oneapi-mkl-2022.0.1/lib] ==> [/cm/shared/sw/nix/store/hryq9drhdswvw0khbqaqk9p5k20vpzs3-intel-oneapi-mkl-2022.0.1/lib]
  collapse library dir [/cm/shared/sw/nix/store/bcx7ls8qbd098qhkg9axnpdpsavb287l-py-mpi4py-3.1.2-view/lib] ==> [/cm/shared/sw/nix/store/bcx7ls8qbd098qhkg9axnpdpsavb287l-py-mpi4py-3.1.2-view/lib]
  collapse library dir [/cm/shared/sw/nix/store/clmmc53sav2i4hvg53q5866nd9nygc4b-python-3.9.9-view/lib] ==> [/cm/shared/sw/nix/store/clmmc53sav2i4hvg53q5866nd9nygc4b-python-3.9.9-view/lib]
  collapse library dir [/cm/shared/sw/nix/store/v92lzmn32qlq3l7hrah0rzkazpcr7m8k-boost-1.78.0/lib64] ==> [/cm/shared/sw/nix/store/v92lzmn32qlq3l7hrah0rzkazpcr7m8k-boost-1.78.0/lib64]
  collapse library dir [/cm/shared/sw/nix/store/v92lzmn32qlq3l7hrah0rzkazpcr7m8k-boost-1.78.0/lib] ==> [/cm/shared/sw/nix/store/v92lzmn32qlq3l7hrah0rzkazpcr7m8k-boost-1.78.0/lib]
  collapse library dir [/cm/shared/sw/nix/store/2nq01a1xf3r3lgjbgp8wp9xpx2y8hcj5-hdf5-1.10.8/lib64] ==> [/cm/shared/sw/nix/store/2nq01a1xf3r3lgjbgp8wp9xpx2y8hcj5-hdf5-1.10.8/lib64]
  collapse library dir [/cm/shared/sw/nix/store/2nq01a1xf3r3lgjbgp8wp9xpx2y8hcj5-hdf5-1.10.8/lib] ==> [/cm/shared/sw/nix/store/2nq01a1xf3r3lgjbgp8wp9xpx2y8hcj5-hdf5-1.10.8/lib]
  collapse library dir [/cm/shared/sw/nix/store/wf2b4c91f1s7n4cysvk0bshfnywvasmv-nfft-3.5.2/lib] ==> [/cm/shared/sw/nix/store/wf2b4c91f1s7n4cysvk0bshfnywvasmv-nfft-3.5.2/lib]
  collapse library dir [/cm/shared/sw/nix/store/avq18lr6jgg6fpikan0cdzaf61xzigkk-fftw-3.3.10/lib64] ==> [/cm/shared/sw/nix/store/avq18lr6jgg6fpikan0cdzaf61xzigkk-fftw-3.3.10/lib64]
  collapse library dir [/cm/shared/sw/nix/store/avq18lr6jgg6fpikan0cdzaf61xzigkk-fftw-3.3.10/lib] ==> [/cm/shared/sw/nix/store/avq18lr6jgg6fpikan0cdzaf61xzigkk-fftw-3.3.10/lib]
  collapse library dir [/cm/shared/sw/nix/store/j4skrrvqyvk9bc2p7zqjd0qsfg4sg8nd-gmp-6.2.1/lib] ==> [/cm/shared/sw/nix/store/j4skrrvqyvk9bc2p7zqjd0qsfg4sg8nd-gmp-6.2.1/lib]
  collapse library dir [/cm/shared/sw/nix/store/dvc90n2l1p8lz5an0d4lnk2ahca50hfm-openmpi-4.0.7/lib] ==> [/cm/shared/sw/nix/store/dvc90n2l1p8lz5an0d4lnk2ahca50hfm-openmpi-4.0.7/lib]
  collapse library dir [/cm/shared/sw/nix/store/ddhcca3mhxdlqwm95fklqgv3ximkkwgz-flexiblas-3.0.4/lib64] ==> [/cm/shared/sw/nix/store/ddhcca3mhxdlqwm95fklqgv3ximkkwgz-flexiblas-3.0.4/lib64]
  collapse library dir [/cm/shared/sw/nix/store/aqkirva9k1vggmfcv7hy9rsy0kavh56m-gcc-10.3.0/lib64] ==> [/cm/shared/sw/nix/store/aqkirva9k1vggmfcv7hy9rsy0kavh56m-gcc-10.3.0/lib64]
  collapse library dir [/cm/shared/sw/nix/store/aqkirva9k1vggmfcv7hy9rsy0kavh56m-gcc-10.3.0/lib] ==> [/cm/shared/sw/nix/store/aqkirva9k1vggmfcv7hy9rsy0kavh56m-gcc-10.3.0/lib]
  collapse library dir [/cm/shared/apps/slurm/current/lib64] ==> [/cm/shared/apps/slurm/current/lib64]
  implicit libs: [c++;m;gcc_s;gcc;c;gcc_s;gcc]
  implicit objs: [/lib64/crt1.o;/lib64/crti.o;/cm/shared/sw/nix/store/hmphldjnv7440cwpv29ph5d5bp3lbxz5-gcc-11.2.0/lib/gcc/x86_64-pc-linux-gnu/11.2.0/crtbegin.o;/cm/shared/sw/nix/store/hmphldjnv7440cwpv29ph5d5bp3lbxz5-gcc-11.2.0/lib/gcc/x86_64-pc-linux-gnu/11.2.0/crtend.o;/lib64/crtn.o]
  implicit dirs: [/cm/shared/sw/nix/store/hmphldjnv7440cwpv29ph5d5bp3lbxz5-gcc-11.2.0/lib/gcc/x86_64-pc-linux-gnu/11.2.0;/cm/shared/sw/nix/store/hmphldjnv7440cwpv29ph5d5bp3lbxz5-gcc-11.2.0/lib64;/lib64;/usr/lib64;/cm/shared/sw/nix/store/i3n3fdm2hkrn8njaklii8ni1g9lp7imz-llvm-13.0.0/lib;/lib;/usr/lib;/cm/shared/sw/nix/store/hryq9drhdswvw0khbqaqk9p5k20vpzs3-intel-oneapi-mkl-2022.0.1/mkl/2022.0.1/lib/intel64;/cm/shared/sw/nix/store/hryq9drhdswvw0khbqaqk9p5k20vpzs3-intel-oneapi-mkl-2022.0.1/lib;/cm/shared/sw/nix/store/bcx7ls8qbd098qhkg9axnpdpsavb287l-py-mpi4py-3.1.2-view/lib;/cm/shared/sw/nix/store/clmmc53sav2i4hvg53q5866nd9nygc4b-python-3.9.9-view/lib;/cm/shared/sw/nix/store/v92lzmn32qlq3l7hrah0rzkazpcr7m8k-boost-1.78.0/lib64;/cm/shared/sw/nix/store/v92lzmn32qlq3l7hrah0rzkazpcr7m8k-boost-1.78.0/lib;/cm/shared/sw/nix/store/2nq01a1xf3r3lgjbgp8wp9xpx2y8hcj5-hdf5-1.10.8/lib64;/cm/shared/sw/nix/store/2nq01a1xf3r3lgjbgp8wp9xpx2y8hcj5-hdf5-1.10.8/lib;/cm/shared/sw/nix/store/wf2b4c91f1s7n4cysvk0bshfnywvasmv-nfft-3.5.2/lib;/cm/shared/sw/nix/store/avq18lr6jgg6fpikan0cdzaf61xzigkk-fftw-3.3.10/lib64;/cm/shared/sw/nix/store/avq18lr6jgg6fpikan0cdzaf61xzigkk-fftw-3.3.10/lib;/cm/shared/sw/nix/store/j4skrrvqyvk9bc2p7zqjd0qsfg4sg8nd-gmp-6.2.1/lib;/cm/shared/sw/nix/store/dvc90n2l1p8lz5an0d4lnk2ahca50hfm-openmpi-4.0.7/lib;/cm/shared/sw/nix/store/ddhcca3mhxdlqwm95fklqgv3ximkkwgz-flexiblas-3.0.4/lib64;/cm/shared/sw/nix/store/aqkirva9k1vggmfcv7hy9rsy0kavh56m-gcc-10.3.0/lib64;/cm/shared/sw/nix/store/aqkirva9k1vggmfcv7hy9rsy0kavh56m-gcc-10.3.0/lib;/cm/shared/apps/slurm/current/lib64]
  implicit fwks: []


